        -:    0:Source:/home/lakso/Documents/Facultad/Algo/tpi/auxiliares.cpp
        -:    0:Graph:/home/lakso/Documents/Facultad/Algo/tpi/cmake-build-debug/CMakeFiles/tpi.dir/auxiliares.gcno
        -:    0:Data:/home/lakso/Documents/Facultad/Algo/tpi/cmake-build-debug/CMakeFiles/tpi.dir/auxiliares.gcda
        -:    0:Runs:1
        -:    1://
        -:    2:// Este archivo contiene las definiciones de las funciones auxiliares
        -:    3:// que ustedes necesiten implementar. Tienen que coincidir con las 
        -:    4:// declaraciones de auxiliares.h
        -:    5://
        -:    6:
        -:    7:#include <iostream>
        -:    8:
        -:    9:#include "definiciones.h"
        -:   10:#include "ejercicios.h"
        -:   11:#include "auxiliares.h"
        -:   12:
        -:   13:using namespace std;
        -:   14:
        -:   15:// O(1)
function _Z18esCoordenadaValidaRSt6vectorIS_IbSaIbEESaIS1_EESt4pairIiiE called 1236 returned 100% blocks executed 100%
     1236:   16:bool esCoordenadaValida(tablero& t, pos p) {
     1236:   17:    return p.first >= 0 && p.first < t.size() && p.second >= 0 && p.second < t[0].size();
     1236:   17-block  0
branch  0 taken 1125 (fallthrough)
branch  1 taken 111
     1125:   17-block  1
call    2 returned 1125
branch  3 taken 1017 (fallthrough)
branch  4 taken 108
     1017:   17-block  2
branch  5 taken 925 (fallthrough)
branch  6 taken 92
      925:   17-block  3
call    7 returned 925
call    8 returned 925
branch  9 taken 835 (fallthrough)
branch 10 taken 90
      835:   17-block  4
      401:   17-block  5
     1236:   17-block  6
        -:   18:}
        -:   19:
        -:   20:// O(n)
function _Z12posEnJugadasRSt6vectorISt4pairIS0_IiiEiESaIS2_EES1_ called 298 returned 100% blocks executed 100%
      298:   21:bool posEnJugadas(jugadas& j, pos p) {
     2415:   22:    for (int i = 0; i < j.size(); i++) {
      298:   22-block  0
     2117:   22-block  1
     2415:   22-block  2
call    0 returned 2415
branch  1 taken 2366
branch  2 taken 49 (fallthrough)
     2366:   23:        if (j[i].first == p) {
     2366:   23-block  0
call    0 returned 2366
call    1 returned 2366
branch  2 taken 249 (fallthrough)
branch  3 taken 2117
      249:   24:            return true;
      249:   24-block  0
        -:   25:        }
        -:   26:    }
       49:   27:    return false;
       49:   27-block  0
        -:   28:}
        -:   29:
        -:   30:// O(n)
function _Z15posEnBanderitasRSt6vectorISt4pairIiiESaIS1_EES1_ called 50 returned 100% blocks executed 100%
       50:   31:bool posEnBanderitas(banderitas& b, pos p) {
       59:   32:    for (int i = 0; i < b.size(); i++) {
       50:   32-block  0
        9:   32-block  1
       59:   32-block  2
call    0 returned 59
branch  1 taken 12
branch  2 taken 47 (fallthrough)
       12:   33:        if (b[i] == p) {
       12:   33-block  0
call    0 returned 12
call    1 returned 12
branch  2 taken 3 (fallthrough)
branch  3 taken 9
        3:   34:            return true;
        3:   34-block  0
        -:   35:        }
        -:   36:    }
       47:   37:    return false;
       47:   37-block  0
        -:   38:}
        -:   39:
function _Z28cantidadDeAparicionesJugadasRSt6vectorISt4pairIS0_IiiEiESaIS2_EES2_ called 98 returned 100% blocks executed 100%
       98:   40:int cantidadDeAparicionesJugadas(jugadas& j, jugada jugada) {
       98:   41:    int cantidad = 0;
     1636:   42:    for (int i = 0; i < j.size(); i++) {
       98:   42-block  0
     1538:   42-block  1
     1636:   42-block  2
call    0 returned 1636
branch  1 taken 1538
branch  2 taken 98 (fallthrough)
     1538:   43:        if (j[i] == jugada) {
     1538:   43-block  0
call    0 returned 1538
call    1 returned 1538
branch  2 taken 98 (fallthrough)
branch  3 taken 1440
       98:   44:            cantidad++;
       98:   44-block  0
        -:   45:        }
        -:   46:    }
       98:   47:    return cantidad;
       98:   47-block  0
        -:   48:}
        -:   49:
function _Z19esPermutacionJugadaRSt6vectorISt4pairIS0_IiiEiESaIS2_EES5_ called 4 returned 100% blocks executed 88%
        4:   50:bool esPermutacionJugada(jugadas& j1, jugadas& j2) {
        4:   51:    if (j1.size() != j2.size()) {
        4:   51-block  0
call    0 returned 4
call    1 returned 4
branch  2 taken 0 (fallthrough)
branch  3 taken 4
    #####:   52:        return false;
    %%%%%:   52-block  0
        -:   53:    }
        -:   54:
       53:   55:    for (int i = 0; i < j1.size(); i++) {
        4:   55-block  0
       49:   55-block  1
       53:   55-block  2
call    0 returned 53
branch  1 taken 49
branch  2 taken 4 (fallthrough)
       49:   56:        if (cantidadDeAparicionesJugadas(j1, j1[i]) != cantidadDeAparicionesJugadas(j2, j1[i])) {
       49:   56-block  0
call    0 returned 49
call    1 returned 49
call    2 returned 49
call    3 returned 49
branch  4 taken 0 (fallthrough)
branch  5 taken 49
    #####:   57:            return false;
    %%%%%:   57-block  0
        -:   58:        }
        -:   59:    }
        4:   60:    return true;
        4:   60-block  0
        -:   61:}
        -:   62:
        -:   63:// O(n) (búsqueda lineal)
function _Z15jugadaEnJugadasRSt6vectorISt4pairIS0_IiiEiESaIS2_EES2_ called 31 returned 100% blocks executed 100%
       31:   64:bool jugadaEnJugadas(jugadas& j, jugada jug) {
       91:   65:    for (int i = 0; i < j.size(); i++) {
       31:   65-block  0
       60:   65-block  1
       91:   65-block  2
call    0 returned 91
branch  1 taken 80
branch  2 taken 11 (fallthrough)
       80:   66:        if (j[i] == jug) {
       80:   66-block  0
call    0 returned 80
call    1 returned 80
branch  2 taken 20 (fallthrough)
branch  3 taken 60
       20:   67:            return true;
       20:   67-block  0
        -:   68:        }
        -:   69:    }
       11:   70:    return false;
       11:   70-block  0
        -:   71:}
        -:   72:
        -:   73:// O(n) (3 veces una función de O(n), 3O(n) = O(n))
function _Z13es121VerticalRSt6vectorISt4pairIS0_IiiEiESaIS2_EES2_ called 6 returned 100% blocks executed 43%
        6:   74:bool es121Vertical(jugadas& j, jugada jug) {
        6:   75:    pos p = jug.first;
       6*:   76:    return jugadaEnJugadas(j, jug) && jugadaEnJugadas(j, {{p.first, p.second-1},1}) && jugadaEnJugadas(j, {{p.first, p.second+1},1});
        6:   76-block  0
call    0 returned 6
branch  1 taken 6 (fallthrough)
branch  2 taken 0 (throw)
        6:   76-block  1
branch  3 taken 6 (fallthrough)
branch  4 taken 0
        6:   76-block  2
call    5 returned 6
call    6 returned 6
call    7 returned 6
branch  8 taken 6 (fallthrough)
branch  9 taken 0 (throw)
        6:   76-block  3
branch 10 taken 0 (fallthrough)
branch 11 taken 6
    %%%%%:   76-block  4
call   12 never executed
call   13 never executed
call   14 never executed
branch 15 never executed
branch 16 never executed
    %%%%%:   76-block  5
branch 17 never executed
branch 18 never executed
    %%%%%:   76-block  6
        6:   76-block  7
        6:   76-block  8
        6:   76-block  9
    $$$$$:   76-block 10
    $$$$$:   76-block 11
    $$$$$:   76-block 12
    $$$$$:   76-block 13
    $$$$$:   76-block 14
    $$$$$:   76-block 15
    $$$$$:   76-block 16
    $$$$$:   76-block 17
        -:   77:}
function _Z15es121HorizontalRSt6vectorISt4pairIS0_IiiEiESaIS2_EES2_ called 8 returned 100% blocks executed 65%
        8:   78:bool es121Horizontal(jugadas& j, jugada jug) {
        8:   79:    pos p = jug.first;
        8:   80:    return jugadaEnJugadas(j, jug) && jugadaEnJugadas(j, {{p.first-1, p.second},1}) && jugadaEnJugadas(j, {{p.first+1, p.second},1});
        8:   80-block  0
call    0 returned 8
branch  1 taken 8 (fallthrough)
branch  2 taken 0 (throw)
        8:   80-block  1
branch  3 taken 8 (fallthrough)
branch  4 taken 0
        8:   80-block  2
call    5 returned 8
call    6 returned 8
call    7 returned 8
branch  8 taken 8 (fallthrough)
branch  9 taken 0 (throw)
        8:   80-block  3
branch 10 taken 3 (fallthrough)
branch 11 taken 5
        3:   80-block  4
call   12 returned 3
call   13 returned 3
call   14 returned 3
branch 15 taken 3 (fallthrough)
branch 16 taken 0 (throw)
        3:   80-block  5
branch 17 taken 3 (fallthrough)
branch 18 taken 0
        3:   80-block  6
        5:   80-block  7
        8:   80-block  8
        8:   80-block  9
    $$$$$:   80-block 10
    $$$$$:   80-block 11
    $$$$$:   80-block 12
    $$$$$:   80-block 13
    $$$$$:   80-block 14
    $$$$$:   80-block 15
    $$$$$:   80-block 16
    $$$$$:   80-block 17
        -:   81:}
        -:   82:
        -:   83:// O(n) (Una función en tiempo constante y dos en tiempo lineal)
function _Z12puedeJugarseRSt6vectorIS_IbSaIbEESaIS1_EERS_ISt4pairIiiESaIS6_EERS_IS5_IS6_iESaISA_EES6_ called 5 returned 100% blocks executed 100%
        5:   84:bool puedeJugarse(tablero& t, banderitas& b, jugadas& j, pos p) {
        5:   85:    return esCoordenadaValida(t, p) && !posEnBanderitas(b, p) && !posEnJugadas(j, p);
        5:   85-block  0
call    0 returned 5
branch  1 taken 5 (fallthrough)
branch  2 taken 0
        5:   85-block  1
call    3 returned 5
branch  4 taken 3 (fallthrough)
branch  5 taken 2
        3:   85-block  2
call    6 returned 3
branch  7 taken 2 (fallthrough)
branch  8 taken 1
        2:   85-block  3
        3:   85-block  4
        5:   85-block  5
        -:   86:}
