        -:    0:Source:/home/lakso/Documents/Facultad/Algo/tpi/tests/ganoTEST.cpp
        -:    0:Graph:/home/lakso/Documents/Facultad/Algo/tpi/cmake-build-debug/CMakeFiles/tpi.dir/tests/ganoTEST.gcno
        -:    0:Data:/home/lakso/Documents/Facultad/Algo/tpi/cmake-build-debug/CMakeFiles/tpi.dir/tests/ganoTEST.gcda
        -:    0:Runs:1
        -:    1:// Tests para la función gano.
        -:    2:// Ver el archovo README.md para ayuda
        -:    3:
        -:    4:#include "../ejercicios.h"
        -:    5:#include "../auxiliares.h"
        -:    6:#include "gtest/gtest.h"
        -:    7:
        -:    8:using namespace std;
        -:    9:
        -:   10:// ┌───┬───┬───┬───┬───┐
        -:   11:// │ * │ * │ 2 │ 1 │ 1 │
        -:   12:// ├───┼───┼───┼───┼───┤
        -:   13:// │ 3 │ 3 │ 3 │ * │ 1 │
        -:   14:// ├───┼───┼───┼───┼───┤
        -:   15:// │ 1 │ * │ 2 │ 1 │ 1 │
        -:   16:// ├───┼───┼───┼───┼───┤
        -:   17:// │ 2 │ 3 │ 2 │ 1 │ 0 │
        -:   18:// ├───┼───┼───┼───┼───┤
        -:   19:// │ * │ 2 │ * │ 1 │ 0 │
        -:   20:// └───┴───┴───┴───┴───┘
        -:   21:
        -:   22:tablero t = {
        -:   23:    { cMINA,  cMINA,  cVACIA, cVACIA, cVACIA },
        -:   24:    { cVACIA, cVACIA, cVACIA, cMINA,  cVACIA },
        -:   25:    { cVACIA, cMINA,  cVACIA, cVACIA, cVACIA },
        -:   26:    { cVACIA, cVACIA, cVACIA, cVACIA, cVACIA },
        -:   27:    { cMINA,  cVACIA, cMINA,  cVACIA, cVACIA },
        -:   28:};
        -:   29:jugadas jugadasValidas = {
        -:   30:    jugada(pos(0, 2), 2),jugada(pos(0, 4), 1),
        -:   31:    jugada(pos(1, 0), 3),jugada(pos(1, 1), 3),jugada(pos(1, 2), 3),jugada(pos(1, 4), 1),
        -:   32:    jugada(pos(2, 0), 1),jugada(pos(2, 2), 2),jugada(pos(2, 3), 1),jugada(pos(2, 4), 1),
        -:   33:    jugada(pos(3, 0), 2),jugada(pos(3, 1), 3),jugada(pos(3, 2), 2),jugada(pos(3, 3), 1),jugada(pos(3, 4), 0),
        -:   34:    jugada(pos(4, 1), 2),jugada(pos(4, 3), 1),jugada(pos(4, 4), 0),
        -:   35:};
        -:   36:
        4:   37:TEST(ganoTEST, todaviaNoGano){
        1:   38:    jugadas j = jugadasValidas;
       1*:   39:    ASSERT_FALSE(gano(t, j));
        1:   40:}
------------------
_ZN27ganoTEST_todaviaNoGano_TestC2Ev:
function _ZN27ganoTEST_todaviaNoGano_TestC2Ev called 1 returned 100% blocks executed 100%
        1:   37:TEST(ganoTEST, todaviaNoGano){
        1:   37-block  0
call    0 returned 1
------------------
_ZN27ganoTEST_todaviaNoGano_TestD0Ev:
function _ZN27ganoTEST_todaviaNoGano_TestD0Ev called 1 returned 100% blocks executed 100%
        1:   37:TEST(ganoTEST, todaviaNoGano){
        1:   37-block  0
call    0 returned 1
call    1 returned 1
------------------
_ZN27ganoTEST_todaviaNoGano_TestD2Ev:
function _ZN27ganoTEST_todaviaNoGano_TestD2Ev called 1 returned 100% blocks executed 100%
        1:   37:TEST(ganoTEST, todaviaNoGano){
        1:   37-block  0
call    0 returned 1
------------------
_ZN27ganoTEST_todaviaNoGano_Test8TestBodyEv:
function _ZN27ganoTEST_todaviaNoGano_Test8TestBodyEv called 1 returned 100% blocks executed 38%
        1:   37:TEST(ganoTEST, todaviaNoGano){
        1:   38:    jugadas j = jugadasValidas;
        1:   38-block  0
call    0 returned 1
branch  1 taken 1 (fallthrough)
branch  2 taken 0 (throw)
       1*:   39:    ASSERT_FALSE(gano(t, j));
        1:   39-block  0
call    0 returned 1
branch  1 taken 1 (fallthrough)
branch  2 taken 0 (throw)
        1:   39-block  1
call    3 returned 1
call    4 returned 1
branch  5 taken 0 (fallthrough)
branch  6 taken 1
    %%%%%:   39-block  2
call    7 never executed
branch  8 never executed
branch  9 never executed
    %%%%%:   39-block  3
call   10 never executed
branch 11 never executed
branch 12 never executed
    %%%%%:   39-block  4
call   13 never executed
call   14 never executed
branch 15 never executed
branch 16 never executed
    %%%%%:   39-block  5
call   17 never executed
branch 18 never executed
branch 19 never executed
    %%%%%:   39-block  6
call   20 never executed
call   21 never executed
call   22 never executed
        1:   39-block  7
        1:   39-block  8
call   23 returned 1
branch 24 taken 1 (fallthrough)
branch 25 taken 0
    $$$$$:   39-block  9
    $$$$$:   39-block 10
call   26 never executed
    $$$$$:   39-block 11
call   27 never executed
    $$$$$:   39-block 12
    $$$$$:   39-block 13
    $$$$$:   39-block 14
call   28 never executed
    $$$$$:   39-block 15
    $$$$$:   39-block 16
call   29 never executed
        1:   40:}
        1:   40-block  0
        1:   40-block  1
call    0 returned 1
branch  1 taken 1 (fallthrough)
branch  2 taken 0
    $$$$$:   40-block  2
call    3 never executed
------------------
        -:   41:
        4:   42:TEST(ganoTEST, gano) {
        1:   43:    jugadas j;
        6:   44:    for (int x = 0; x < t.size(); x++) {
       30:   45:        for (int y = 0; y < t[x].size(); y++) {
       25:   46:            if (t[x][y] == cVACIA) {
       19:   47:                j.push_back(jugada(pos(x, y), minasAdyacentes(t, pos(x, y))));
        -:   48:            }
        -:   49:        }
        -:   50:    }
        -:   51:
       1*:   52:    ASSERT_TRUE(gano(t, j));
        1:   53:}
------------------
_ZN18ganoTEST_gano_TestC2Ev:
function _ZN18ganoTEST_gano_TestC2Ev called 1 returned 100% blocks executed 100%
        1:   42:TEST(ganoTEST, gano) {
        1:   42-block  0
call    0 returned 1
------------------
_ZN18ganoTEST_gano_TestD0Ev:
function _ZN18ganoTEST_gano_TestD0Ev called 1 returned 100% blocks executed 100%
        1:   42:TEST(ganoTEST, gano) {
        1:   42-block  0
call    0 returned 1
call    1 returned 1
------------------
_ZN18ganoTEST_gano_TestD2Ev:
function _ZN18ganoTEST_gano_TestD2Ev called 1 returned 100% blocks executed 100%
        1:   42:TEST(ganoTEST, gano) {
        1:   42-block  0
call    0 returned 1
------------------
_ZN18ganoTEST_gano_Test8TestBodyEv:
function _ZN18ganoTEST_gano_Test8TestBodyEv called 1 returned 100% blocks executed 51%
        1:   42:TEST(ganoTEST, gano) {
        1:   43:    jugadas j;
        1:   43-block  0
call    0 returned 1
        6:   44:    for (int x = 0; x < t.size(); x++) {
        5:   44-block  0
        6:   44-block  1
call    0 returned 6
branch  1 taken 5
branch  2 taken 1 (fallthrough)
       30:   45:        for (int y = 0; y < t[x].size(); y++) {
        5:   45-block  0
       25:   45-block  1
       30:   45-block  2
call    0 returned 30
call    1 returned 30
branch  2 taken 25
branch  3 taken 5 (fallthrough)
       25:   46:            if (t[x][y] == cVACIA) {
       25:   46-block  0
call    0 returned 25
call    1 returned 25
branch  2 taken 25 (fallthrough)
branch  3 taken 0 (throw)
       25:   46-block  1
call    4 returned 25
branch  5 taken 19 (fallthrough)
branch  6 taken 6
    $$$$$:   46-block  2
       19:   47:                j.push_back(jugada(pos(x, y), minasAdyacentes(t, pos(x, y))));
       19:   47-block  0
call    0 returned 19
call    1 returned 19
branch  2 taken 19 (fallthrough)
branch  3 taken 0 (throw)
       19:   47-block  1
call    4 returned 19
call    5 returned 19
call    6 returned 19
branch  7 taken 19 (fallthrough)
branch  8 taken 0 (throw)
       19:   47-block  2
    $$$$$:   47-block  3
    $$$$$:   47-block  4
    $$$$$:   47-block  5
    $$$$$:   47-block  6
        -:   48:            }
        -:   49:        }
        -:   50:    }
        -:   51:
       1*:   52:    ASSERT_TRUE(gano(t, j));
        1:   52-block  0
call    0 returned 1
branch  1 taken 1 (fallthrough)
branch  2 taken 0 (throw)
        1:   52-block  1
call    3 returned 1
call    4 returned 1
branch  5 taken 0 (fallthrough)
branch  6 taken 1
    %%%%%:   52-block  2
call    7 never executed
branch  8 never executed
branch  9 never executed
    %%%%%:   52-block  3
call   10 never executed
branch 11 never executed
branch 12 never executed
    %%%%%:   52-block  4
call   13 never executed
call   14 never executed
branch 15 never executed
branch 16 never executed
    %%%%%:   52-block  5
call   17 never executed
branch 18 never executed
branch 19 never executed
    %%%%%:   52-block  6
call   20 never executed
call   21 never executed
call   22 never executed
        1:   52-block  7
        1:   52-block  8
call   23 returned 1
branch 24 taken 1 (fallthrough)
branch 25 taken 0
    $$$$$:   52-block  9
    $$$$$:   52-block 10
call   26 never executed
    $$$$$:   52-block 11
call   27 never executed
    $$$$$:   52-block 12
    $$$$$:   52-block 13
    $$$$$:   52-block 14
call   28 never executed
    $$$$$:   52-block 15
    $$$$$:   52-block 16
call   29 never executed
        1:   53:}
        1:   53-block  0
        1:   53-block  1
call    0 returned 1
branch  1 taken 1 (fallthrough)
branch  2 taken 0
    $$$$$:   53-block  2
call    3 never executed
------------------
