        -:    0:Source:/home/lakso/Documents/Facultad/Algo/tpi/tests/jugarPlusTEST.cpp
        -:    0:Graph:/home/lakso/Documents/Facultad/Algo/tpi/cmake-build-debug/CMakeFiles/tpi.dir/tests/jugarPlusTEST.gcno
        -:    0:Data:/home/lakso/Documents/Facultad/Algo/tpi/cmake-build-debug/CMakeFiles/tpi.dir/tests/jugarPlusTEST.gcda
        -:    0:Runs:1
        -:    1:// Tests para la función jugarPlus.
        -:    2:// Ver el archovo README.md para ayuda
        -:    3:
        -:    4:#include "../ejercicios.h"
        -:    5:#include "../auxiliares.h"
        -:    6:#include "gtest/gtest.h"
        -:    7:
        -:    8:using namespace std;
        -:    9:
        -:   10:// ....
        -:   11:// ....
        -:   12:// ....
        -:   13:// ....
        4:   14:TEST(JugarPlus, tableroVacio) {
        1:   15:    tablero t = vector<vector<bool>>(4, vector<bool>(4, false));
        1:   16:    pos p = {1,1};
        -:   17:
        1:   18:    banderitas b;
        1:   19:    jugadas j;
        -:   20:
        1:   21:    jugarPlus(t, b, p, j);
        1:   22:    jugadas expectedJ;
        5:   23:    for (int x = 0; x < 4; x++) {
       20:   24:        for (int y = 0; y < 4; y++) {
       16:   25:            expectedJ.push_back({{x, y}, 0});
        -:   26:        }
        -:   27:    }
        -:   28:
       1*:   29:    ASSERT_TRUE(esPermutacionJugada(j, expectedJ));
        1:   30:}
------------------
_ZN27JugarPlus_tableroVacio_TestC2Ev:
function _ZN27JugarPlus_tableroVacio_TestC2Ev called 1 returned 100% blocks executed 100%
        1:   14:TEST(JugarPlus, tableroVacio) {
        1:   14-block  0
call    0 returned 1
------------------
_ZN27JugarPlus_tableroVacio_TestD0Ev:
function _ZN27JugarPlus_tableroVacio_TestD0Ev called 1 returned 100% blocks executed 100%
        1:   14:TEST(JugarPlus, tableroVacio) {
        1:   14-block  0
call    0 returned 1
call    1 returned 1
------------------
_ZN27JugarPlus_tableroVacio_TestD2Ev:
function _ZN27JugarPlus_tableroVacio_TestD2Ev called 1 returned 100% blocks executed 100%
        1:   14:TEST(JugarPlus, tableroVacio) {
        1:   14-block  0
call    0 returned 1
------------------
_ZN27JugarPlus_tableroVacio_Test8TestBodyEv:
function _ZN27JugarPlus_tableroVacio_Test8TestBodyEv called 1 returned 100% blocks executed 47%
        1:   14:TEST(JugarPlus, tableroVacio) {
        1:   15:    tablero t = vector<vector<bool>>(4, vector<bool>(4, false));
        1:   15-block  0
call    0 returned 1
call    1 returned 1
call    2 returned 1
branch  3 taken 1 (fallthrough)
branch  4 taken 0 (throw)
        1:   15-block  1
call    5 returned 1
branch  6 taken 1 (fallthrough)
branch  7 taken 0 (throw)
        1:   15-block  2
call    8 returned 1
call    9 returned 1
call   10 returned 1
    $$$$$:   15-block  3
call   11 never executed
    $$$$$:   15-block  4
    $$$$$:   15-block  5
call   12 never executed
    $$$$$:   15-block  6
    $$$$$:   15-block  7
    $$$$$:   15-block  8
call   13 never executed
    $$$$$:   15-block  9
        1:   16:    pos p = {1,1};
        -:   17:
        1:   18:    banderitas b;
call    0 returned 1
        1:   19:    jugadas j;
call    0 returned 1
        -:   20:
        1:   21:    jugarPlus(t, b, p, j);
call    0 returned 1
branch  1 taken 1 (fallthrough)
branch  2 taken 0 (throw)
        1:   22:    jugadas expectedJ;
        1:   22-block  0
call    0 returned 1
        5:   23:    for (int x = 0; x < 4; x++) {
        4:   23-block  0
        5:   23-block  1
branch  0 taken 4
branch  1 taken 1 (fallthrough)
       20:   24:        for (int y = 0; y < 4; y++) {
        4:   24-block  0
       20:   24-block  1
branch  0 taken 16
branch  1 taken 4 (fallthrough)
       16:   25:            expectedJ.push_back({{x, y}, 0});
       16:   25-block  0
call    0 returned 16
call    1 returned 16
call    2 returned 16
branch  3 taken 16 (fallthrough)
branch  4 taken 0 (throw)
       16:   25-block  1
    $$$$$:   25-block  2
    $$$$$:   25-block  3
    $$$$$:   25-block  4
        -:   26:        }
        -:   27:    }
        -:   28:
       1*:   29:    ASSERT_TRUE(esPermutacionJugada(j, expectedJ));
        1:   29-block  0
call    0 returned 1
branch  1 taken 1 (fallthrough)
branch  2 taken 0 (throw)
        1:   29-block  1
call    3 returned 1
call    4 returned 1
branch  5 taken 0 (fallthrough)
branch  6 taken 1
    %%%%%:   29-block  2
call    7 never executed
branch  8 never executed
branch  9 never executed
    %%%%%:   29-block  3
call   10 never executed
branch 11 never executed
branch 12 never executed
    %%%%%:   29-block  4
call   13 never executed
call   14 never executed
branch 15 never executed
branch 16 never executed
    %%%%%:   29-block  5
call   17 never executed
branch 18 never executed
branch 19 never executed
    %%%%%:   29-block  6
call   20 never executed
call   21 never executed
call   22 never executed
        1:   29-block  7
        1:   29-block  8
call   23 returned 1
branch 24 taken 1 (fallthrough)
branch 25 taken 0
    $$$$$:   29-block  9
    $$$$$:   29-block 10
call   26 never executed
    $$$$$:   29-block 11
call   27 never executed
    $$$$$:   29-block 12
    $$$$$:   29-block 13
    $$$$$:   29-block 14
call   28 never executed
    $$$$$:   29-block 15
    $$$$$:   29-block 16
call   29 never executed
        1:   30:}
        1:   30-block  0
        1:   30-block  1
call    0 returned 1
branch  1 taken 1 (fallthrough)
branch  2 taken 0
        1:   30-block  2
        1:   30-block  3
call    3 returned 1
branch  4 taken 1 (fallthrough)
branch  5 taken 0
        1:   30-block  4
        1:   30-block  5
call    6 returned 1
branch  7 taken 1 (fallthrough)
branch  8 taken 0
        1:   30-block  6
        1:   30-block  7
call    9 returned 1
branch 10 taken 1 (fallthrough)
branch 11 taken 0
    $$$$$:   30-block  8
call   12 never executed
    $$$$$:   30-block  9
call   13 never executed
    $$$$$:   30-block 10
call   14 never executed
    $$$$$:   30-block 11
call   15 never executed
------------------
        -:   31:
        -:   32:// ....
        -:   33:// ..b.
        -:   34:// ....
        -:   35:// ....
        4:   36:TEST(JugarPlus, tableroConBanderita) {
        1:   37:    tablero t = vector<vector<bool>>(4, vector<bool>(4, false));
        1:   38:    pos p = {1,1};
        -:   39:
        1:   40:    banderitas b = {{2, 1}};
        1:   41:    jugadas j;
        -:   42:
        1:   43:    jugarPlus(t, b, p, j);
        1:   44:    jugadas expectedJ;
        5:   45:    for (int x = 0; x < 4; x++) {
       20:   46:        for (int y = 0; y < 4; y++) {
       16:   47:            expectedJ.push_back({{x, y}, 0});
        -:   48:        }
        -:   49:    }
        -:   50:
       1*:   51:    ASSERT_TRUE(esPermutacionJugada(j, expectedJ) && !posEnBanderitas(b, {2,1}));
        1:   52:}
------------------
_ZN34JugarPlus_tableroConBanderita_TestC2Ev:
function _ZN34JugarPlus_tableroConBanderita_TestC2Ev called 1 returned 100% blocks executed 100%
        1:   36:TEST(JugarPlus, tableroConBanderita) {
        1:   36-block  0
call    0 returned 1
------------------
_ZN34JugarPlus_tableroConBanderita_TestD0Ev:
function _ZN34JugarPlus_tableroConBanderita_TestD0Ev called 1 returned 100% blocks executed 100%
        1:   36:TEST(JugarPlus, tableroConBanderita) {
        1:   36-block  0
call    0 returned 1
call    1 returned 1
------------------
_ZN34JugarPlus_tableroConBanderita_TestD2Ev:
function _ZN34JugarPlus_tableroConBanderita_TestD2Ev called 1 returned 100% blocks executed 100%
        1:   36:TEST(JugarPlus, tableroConBanderita) {
        1:   36-block  0
call    0 returned 1
------------------
_ZN34JugarPlus_tableroConBanderita_Test8TestBodyEv:
function _ZN34JugarPlus_tableroConBanderita_Test8TestBodyEv called 1 returned 100% blocks executed 47%
        1:   36:TEST(JugarPlus, tableroConBanderita) {
        1:   37:    tablero t = vector<vector<bool>>(4, vector<bool>(4, false));
        1:   37-block  0
call    0 returned 1
call    1 returned 1
call    2 returned 1
branch  3 taken 1 (fallthrough)
branch  4 taken 0 (throw)
        1:   37-block  1
call    5 returned 1
branch  6 taken 1 (fallthrough)
branch  7 taken 0 (throw)
        1:   37-block  2
call    8 returned 1
call    9 returned 1
call   10 returned 1
    $$$$$:   37-block  3
call   11 never executed
    $$$$$:   37-block  4
    $$$$$:   37-block  5
call   12 never executed
    $$$$$:   37-block  6
    $$$$$:   37-block  7
    $$$$$:   37-block  8
call   13 never executed
    $$$$$:   37-block  9
        1:   38:    pos p = {1,1};
        -:   39:
        1:   40:    banderitas b = {{2, 1}};
call    0 returned 1
call    1 returned 1
branch  2 taken 1 (fallthrough)
branch  3 taken 0 (throw)
        1:   40-block  0
call    4 returned 1
    $$$$$:   40-block  1
call    5 never executed
    $$$$$:   40-block  2
    $$$$$:   40-block  3
        1:   41:    jugadas j;
call    0 returned 1
        -:   42:
        1:   43:    jugarPlus(t, b, p, j);
call    0 returned 1
branch  1 taken 1 (fallthrough)
branch  2 taken 0 (throw)
        1:   44:    jugadas expectedJ;
        1:   44-block  0
call    0 returned 1
        5:   45:    for (int x = 0; x < 4; x++) {
        4:   45-block  0
        5:   45-block  1
branch  0 taken 4
branch  1 taken 1 (fallthrough)
       20:   46:        for (int y = 0; y < 4; y++) {
        4:   46-block  0
       20:   46-block  1
branch  0 taken 16
branch  1 taken 4 (fallthrough)
       16:   47:            expectedJ.push_back({{x, y}, 0});
       16:   47-block  0
call    0 returned 16
call    1 returned 16
call    2 returned 16
branch  3 taken 16 (fallthrough)
branch  4 taken 0 (throw)
       16:   47-block  1
    $$$$$:   47-block  2
    $$$$$:   47-block  3
    $$$$$:   47-block  4
        -:   48:        }
        -:   49:    }
        -:   50:
       1*:   51:    ASSERT_TRUE(esPermutacionJugada(j, expectedJ) && !posEnBanderitas(b, {2,1}));
        1:   51-block  0
call    0 returned 1
branch  1 taken 1 (fallthrough)
branch  2 taken 0 (throw)
        1:   51-block  1
branch  3 taken 1 (fallthrough)
branch  4 taken 0
        1:   51-block  2
call    5 returned 1
call    6 returned 1
branch  7 taken 1 (fallthrough)
branch  8 taken 0 (throw)
        1:   51-block  3
branch  9 taken 1 (fallthrough)
branch 10 taken 0
        1:   51-block  4
    %%%%%:   51-block  5
        1:   51-block  6
call   11 returned 1
call   12 returned 1
branch 13 taken 0 (fallthrough)
branch 14 taken 1
    %%%%%:   51-block  7
call   15 never executed
branch 16 never executed
branch 17 never executed
    %%%%%:   51-block  8
call   18 never executed
branch 19 never executed
branch 20 never executed
    %%%%%:   51-block  9
call   21 never executed
call   22 never executed
branch 23 never executed
branch 24 never executed
    %%%%%:   51-block 10
call   25 never executed
branch 26 never executed
branch 27 never executed
    %%%%%:   51-block 11
call   28 never executed
call   29 never executed
call   30 never executed
        1:   51-block 12
        1:   51-block 13
call   31 returned 1
branch 32 taken 1 (fallthrough)
branch 33 taken 0
    $$$$$:   51-block 14
    $$$$$:   51-block 15
    $$$$$:   51-block 16
    $$$$$:   51-block 17
    $$$$$:   51-block 18
call   34 never executed
    $$$$$:   51-block 19
call   35 never executed
    $$$$$:   51-block 20
    $$$$$:   51-block 21
    $$$$$:   51-block 22
call   36 never executed
    $$$$$:   51-block 23
    $$$$$:   51-block 24
call   37 never executed
        1:   52:}
        1:   52-block  0
        1:   52-block  1
call    0 returned 1
branch  1 taken 1 (fallthrough)
branch  2 taken 0
        1:   52-block  2
        1:   52-block  3
call    3 returned 1
branch  4 taken 1 (fallthrough)
branch  5 taken 0
        1:   52-block  4
        1:   52-block  5
call    6 returned 1
branch  7 taken 1 (fallthrough)
branch  8 taken 0
        1:   52-block  6
        1:   52-block  7
call    9 returned 1
branch 10 taken 1 (fallthrough)
branch 11 taken 0
    $$$$$:   52-block  8
call   12 never executed
    $$$$$:   52-block  9
call   13 never executed
    $$$$$:   52-block 10
call   14 never executed
    $$$$$:   52-block 11
call   15 never executed
------------------
        -:   53:
        -:   54:// ....
        -:   55:// .x..
        -:   56:// ....
        -:   57:// ....
        4:   58:TEST(JugarPlus, jugadaEsMina) {
        1:   59:    tablero t = vector<vector<bool>>(4, vector<bool>(4, false));
        1:   60:    t[1][1] = cMINA;
        1:   61:    pos p = {1,1};
        -:   62:
        1:   63:    banderitas b;
        1:   64:    jugadas j;
        -:   65:
        1:   66:    jugarPlus(t, b, p, j);
        1:   67:    jugadas expectedJ = {{p, 0}};
        -:   68:
       1*:   69:    ASSERT_TRUE(esPermutacionJugada(j, expectedJ));
        1:   70:}
------------------
_ZN27JugarPlus_jugadaEsMina_TestC2Ev:
function _ZN27JugarPlus_jugadaEsMina_TestC2Ev called 1 returned 100% blocks executed 100%
        1:   58:TEST(JugarPlus, jugadaEsMina) {
        1:   58-block  0
call    0 returned 1
------------------
_ZN27JugarPlus_jugadaEsMina_TestD0Ev:
function _ZN27JugarPlus_jugadaEsMina_TestD0Ev called 1 returned 100% blocks executed 100%
        1:   58:TEST(JugarPlus, jugadaEsMina) {
        1:   58-block  0
call    0 returned 1
call    1 returned 1
------------------
_ZN27JugarPlus_jugadaEsMina_TestD2Ev:
function _ZN27JugarPlus_jugadaEsMina_TestD2Ev called 1 returned 100% blocks executed 100%
        1:   58:TEST(JugarPlus, jugadaEsMina) {
        1:   58-block  0
call    0 returned 1
------------------
_ZN27JugarPlus_jugadaEsMina_Test8TestBodyEv:
function _ZN27JugarPlus_jugadaEsMina_Test8TestBodyEv called 1 returned 100% blocks executed 45%
        1:   58:TEST(JugarPlus, jugadaEsMina) {
        1:   59:    tablero t = vector<vector<bool>>(4, vector<bool>(4, false));
        1:   59-block  0
call    0 returned 1
call    1 returned 1
call    2 returned 1
branch  3 taken 1 (fallthrough)
branch  4 taken 0 (throw)
        1:   59-block  1
call    5 returned 1
branch  6 taken 1 (fallthrough)
branch  7 taken 0 (throw)
        1:   59-block  2
call    8 returned 1
call    9 returned 1
call   10 returned 1
    $$$$$:   59-block  3
call   11 never executed
    $$$$$:   59-block  4
    $$$$$:   59-block  5
call   12 never executed
    $$$$$:   59-block  6
    $$$$$:   59-block  7
    $$$$$:   59-block  8
call   13 never executed
    $$$$$:   59-block  9
        1:   60:    t[1][1] = cMINA;
call    0 returned 1
call    1 returned 1
branch  2 taken 1 (fallthrough)
branch  3 taken 0 (throw)
        1:   60-block  0
call    4 returned 1
    $$$$$:   60-block  1
        1:   61:    pos p = {1,1};
        -:   62:
        1:   63:    banderitas b;
call    0 returned 1
        1:   64:    jugadas j;
call    0 returned 1
        -:   65:
        1:   66:    jugarPlus(t, b, p, j);
call    0 returned 1
branch  1 taken 1 (fallthrough)
branch  2 taken 0 (throw)
        1:   67:    jugadas expectedJ = {{p, 0}};
        1:   67-block  0
call    0 returned 1
call    1 returned 1
call    2 returned 1
branch  3 taken 1 (fallthrough)
branch  4 taken 0 (throw)
        1:   67-block  1
call    5 returned 1
    $$$$$:   67-block  2
call    6 never executed
    $$$$$:   67-block  3
    $$$$$:   67-block  4
    $$$$$:   67-block  5
        -:   68:
       1*:   69:    ASSERT_TRUE(esPermutacionJugada(j, expectedJ));
call    0 returned 1
branch  1 taken 1 (fallthrough)
branch  2 taken 0 (throw)
        1:   69-block  0
call    3 returned 1
call    4 returned 1
branch  5 taken 0 (fallthrough)
branch  6 taken 1
    %%%%%:   69-block  1
call    7 never executed
branch  8 never executed
branch  9 never executed
    %%%%%:   69-block  2
call   10 never executed
branch 11 never executed
branch 12 never executed
    %%%%%:   69-block  3
call   13 never executed
call   14 never executed
branch 15 never executed
branch 16 never executed
    %%%%%:   69-block  4
call   17 never executed
branch 18 never executed
branch 19 never executed
    %%%%%:   69-block  5
call   20 never executed
call   21 never executed
call   22 never executed
        1:   69-block  6
        1:   69-block  7
call   23 returned 1
branch 24 taken 1 (fallthrough)
branch 25 taken 0
    $$$$$:   69-block  8
    $$$$$:   69-block  9
call   26 never executed
    $$$$$:   69-block 10
call   27 never executed
    $$$$$:   69-block 11
    $$$$$:   69-block 12
    $$$$$:   69-block 13
call   28 never executed
    $$$$$:   69-block 14
    $$$$$:   69-block 15
call   29 never executed
        1:   70:}
        1:   70-block  0
        1:   70-block  1
call    0 returned 1
branch  1 taken 1 (fallthrough)
branch  2 taken 0
        1:   70-block  2
        1:   70-block  3
call    3 returned 1
branch  4 taken 1 (fallthrough)
branch  5 taken 0
        1:   70-block  4
        1:   70-block  5
call    6 returned 1
branch  7 taken 1 (fallthrough)
branch  8 taken 0
        1:   70-block  6
        1:   70-block  7
call    9 returned 1
branch 10 taken 1 (fallthrough)
branch 11 taken 0
    $$$$$:   70-block  8
call   12 never executed
    $$$$$:   70-block  9
call   13 never executed
    $$$$$:   70-block 10
call   14 never executed
    $$$$$:   70-block 11
call   15 never executed
------------------
        -:   71:
        -:   72:// ....
        -:   73:// ..j.
        -:   74:// ....
        -:   75:// ....
        4:   76:TEST(JugarPlus, yaHayUnaJugada) {
        1:   77:    tablero t = vector<vector<bool>>(4, vector<bool>(4, false));
        1:   78:    pos p = {1,1};
        -:   79:
        1:   80:    banderitas b;
        1:   81:    jugadas j = {{{2, 1}, 0}};
        -:   82:
        1:   83:    jugarPlus(t, b, p, j);
        1:   84:    jugadas expectedJ;
        5:   85:    for (int x = 0; x < 4; x++) {
       20:   86:        for (int y = 0; y < 4; y++) {
       16:   87:            expectedJ.push_back({{x, y}, 0});
        -:   88:        }
        -:   89:    }
        -:   90:
       1*:   91:    ASSERT_TRUE(esPermutacionJugada(j, expectedJ));
        1:   92:}
------------------
_ZN29JugarPlus_yaHayUnaJugada_TestC2Ev:
function _ZN29JugarPlus_yaHayUnaJugada_TestC2Ev called 1 returned 100% blocks executed 100%
        1:   76:TEST(JugarPlus, yaHayUnaJugada) {
        1:   76-block  0
call    0 returned 1
------------------
_ZN29JugarPlus_yaHayUnaJugada_TestD0Ev:
function _ZN29JugarPlus_yaHayUnaJugada_TestD0Ev called 1 returned 100% blocks executed 100%
        1:   76:TEST(JugarPlus, yaHayUnaJugada) {
        1:   76-block  0
call    0 returned 1
call    1 returned 1
------------------
_ZN29JugarPlus_yaHayUnaJugada_TestD2Ev:
function _ZN29JugarPlus_yaHayUnaJugada_TestD2Ev called 1 returned 100% blocks executed 100%
        1:   76:TEST(JugarPlus, yaHayUnaJugada) {
        1:   76-block  0
call    0 returned 1
------------------
_ZN29JugarPlus_yaHayUnaJugada_Test8TestBodyEv:
function _ZN29JugarPlus_yaHayUnaJugada_Test8TestBodyEv called 1 returned 100% blocks executed 46%
        1:   76:TEST(JugarPlus, yaHayUnaJugada) {
        1:   77:    tablero t = vector<vector<bool>>(4, vector<bool>(4, false));
        1:   77-block  0
call    0 returned 1
call    1 returned 1
call    2 returned 1
branch  3 taken 1 (fallthrough)
branch  4 taken 0 (throw)
        1:   77-block  1
call    5 returned 1
branch  6 taken 1 (fallthrough)
branch  7 taken 0 (throw)
        1:   77-block  2
call    8 returned 1
call    9 returned 1
call   10 returned 1
    $$$$$:   77-block  3
call   11 never executed
    $$$$$:   77-block  4
    $$$$$:   77-block  5
call   12 never executed
    $$$$$:   77-block  6
    $$$$$:   77-block  7
    $$$$$:   77-block  8
call   13 never executed
    $$$$$:   77-block  9
        1:   78:    pos p = {1,1};
        -:   79:
        1:   80:    banderitas b;
call    0 returned 1
        1:   81:    jugadas j = {{{2, 1}, 0}};
call    0 returned 1
call    1 returned 1
branch  2 taken 1 (fallthrough)
branch  3 taken 0 (throw)
        1:   81-block  0
call    4 returned 1
    $$$$$:   81-block  1
call    5 never executed
    $$$$$:   81-block  2
    $$$$$:   81-block  3
        -:   82:
        1:   83:    jugarPlus(t, b, p, j);
call    0 returned 1
branch  1 taken 1 (fallthrough)
branch  2 taken 0 (throw)
        1:   84:    jugadas expectedJ;
        1:   84-block  0
call    0 returned 1
        5:   85:    for (int x = 0; x < 4; x++) {
        4:   85-block  0
        5:   85-block  1
branch  0 taken 4
branch  1 taken 1 (fallthrough)
       20:   86:        for (int y = 0; y < 4; y++) {
        4:   86-block  0
       20:   86-block  1
branch  0 taken 16
branch  1 taken 4 (fallthrough)
       16:   87:            expectedJ.push_back({{x, y}, 0});
       16:   87-block  0
call    0 returned 16
call    1 returned 16
call    2 returned 16
branch  3 taken 16 (fallthrough)
branch  4 taken 0 (throw)
       16:   87-block  1
    $$$$$:   87-block  2
    $$$$$:   87-block  3
    $$$$$:   87-block  4
        -:   88:        }
        -:   89:    }
        -:   90:
       1*:   91:    ASSERT_TRUE(esPermutacionJugada(j, expectedJ));
        1:   91-block  0
call    0 returned 1
branch  1 taken 1 (fallthrough)
branch  2 taken 0 (throw)
        1:   91-block  1
call    3 returned 1
call    4 returned 1
branch  5 taken 0 (fallthrough)
branch  6 taken 1
    %%%%%:   91-block  2
call    7 never executed
branch  8 never executed
branch  9 never executed
    %%%%%:   91-block  3
call   10 never executed
branch 11 never executed
branch 12 never executed
    %%%%%:   91-block  4
call   13 never executed
call   14 never executed
branch 15 never executed
branch 16 never executed
    %%%%%:   91-block  5
call   17 never executed
branch 18 never executed
branch 19 never executed
    %%%%%:   91-block  6
call   20 never executed
call   21 never executed
call   22 never executed
        1:   91-block  7
        1:   91-block  8
call   23 returned 1
branch 24 taken 1 (fallthrough)
branch 25 taken 0
    $$$$$:   91-block  9
    $$$$$:   91-block 10
call   26 never executed
    $$$$$:   91-block 11
call   27 never executed
    $$$$$:   91-block 12
    $$$$$:   91-block 13
    $$$$$:   91-block 14
call   28 never executed
    $$$$$:   91-block 15
    $$$$$:   91-block 16
call   29 never executed
        1:   92:}
        1:   92-block  0
        1:   92-block  1
call    0 returned 1
branch  1 taken 1 (fallthrough)
branch  2 taken 0
        1:   92-block  2
        1:   92-block  3
call    3 returned 1
branch  4 taken 1 (fallthrough)
branch  5 taken 0
        1:   92-block  4
        1:   92-block  5
call    6 returned 1
branch  7 taken 1 (fallthrough)
branch  8 taken 0
        1:   92-block  6
        1:   92-block  7
call    9 returned 1
branch 10 taken 1 (fallthrough)
branch 11 taken 0
    $$$$$:   92-block  8
call   12 never executed
    $$$$$:   92-block  9
call   13 never executed
    $$$$$:   92-block 10
call   14 never executed
    $$$$$:   92-block 11
call   15 never executed
------------------
