        -:    0:Source:/home/lakso/Documents/Facultad/Algo/tpi/tests/perdioTEST.cpp
        -:    0:Graph:/home/lakso/Documents/Facultad/Algo/tpi/cmake-build-debug/CMakeFiles/tpi.dir/tests/perdioTEST.gcno
        -:    0:Data:/home/lakso/Documents/Facultad/Algo/tpi/cmake-build-debug/CMakeFiles/tpi.dir/tests/perdioTEST.gcda
        -:    0:Runs:1
        -:    1:// Tests para la función perdio.
        -:    2:// Ver el archovo README.md para ayuda
        -:    3:
        -:    4:#include "../ejercicios.h"
        -:    5:#include "../auxiliares.h"
        -:    6:#include "gtest/gtest.h"
        -:    7:
        -:    8:using namespace std;
        -:    9:
        -:   10:// x.
        -:   11:// ..
        4:   12:TEST(Perdio, noPerdio) {
        -:   13:    tablero t = {
        -:   14:            {cMINA, cVACIA},
        -:   15:            {cVACIA, cVACIA}
        3:   16:    };
        -:   17:
        1:   18:    jugadas j = {{{1,1}, 1}};
        -:   19:
        1:   20:    bool p = perdio(t, j);
        -:   21:
       1*:   22:    ASSERT_FALSE(p);
        3:   23:}
------------------
_ZN20Perdio_noPerdio_TestC2Ev:
function _ZN20Perdio_noPerdio_TestC2Ev called 1 returned 100% blocks executed 100%
        1:   12:TEST(Perdio, noPerdio) {
        1:   12-block  0
call    0 returned 1
------------------
_ZN20Perdio_noPerdio_TestD0Ev:
function _ZN20Perdio_noPerdio_TestD0Ev called 1 returned 100% blocks executed 100%
        1:   12:TEST(Perdio, noPerdio) {
        1:   12-block  0
call    0 returned 1
call    1 returned 1
------------------
_ZN20Perdio_noPerdio_TestD2Ev:
function _ZN20Perdio_noPerdio_TestD2Ev called 1 returned 100% blocks executed 100%
        1:   12:TEST(Perdio, noPerdio) {
        1:   12-block  0
call    0 returned 1
------------------
_ZN20Perdio_noPerdio_Test8TestBodyEv:
function _ZN20Perdio_noPerdio_Test8TestBodyEv called 1 returned 100% blocks executed 38%
        1:   12:TEST(Perdio, noPerdio) {
        -:   13:    tablero t = {
        -:   14:            {cMINA, cVACIA},
        -:   15:            {cVACIA, cVACIA}
        3:   16:    };
call    0 returned 1
branch  1 taken 1 (fallthrough)
branch  2 taken 0 (throw)
        1:   16-block  0
call    3 returned 1
        3:   16-block  1
branch  4 taken 2 (fallthrough)
branch  5 taken 1
        2:   16-block  2
call    6 returned 2
    $$$$$:   16-block  3
call    7 never executed
    $$$$$:   16-block  4
    $$$$$:   16-block  5
    $$$$$:   16-block  6
branch  8 never executed
branch  9 never executed
    $$$$$:   16-block  7
call   10 never executed
    $$$$$:   16-block  8
        -:   17:
        1:   18:    jugadas j = {{{1,1}, 1}};
call    0 returned 1
branch  1 taken 1 (fallthrough)
branch  2 taken 0 (throw)
        1:   18-block  0
call    3 returned 1
    $$$$$:   18-block  1
call    4 never executed
    $$$$$:   18-block  2
    $$$$$:   18-block  3
        -:   19:
        1:   20:    bool p = perdio(t, j);
call    0 returned 1
branch  1 taken 1 (fallthrough)
branch  2 taken 0 (throw)
        -:   21:
       1*:   22:    ASSERT_FALSE(p);
        1:   22-block  0
call    0 returned 1
call    1 returned 1
branch  2 taken 0 (fallthrough)
branch  3 taken 1
    %%%%%:   22-block  1
call    4 never executed
branch  5 never executed
branch  6 never executed
    %%%%%:   22-block  2
call    7 never executed
branch  8 never executed
branch  9 never executed
    %%%%%:   22-block  3
call   10 never executed
call   11 never executed
branch 12 never executed
branch 13 never executed
    %%%%%:   22-block  4
call   14 never executed
branch 15 never executed
branch 16 never executed
    %%%%%:   22-block  5
call   17 never executed
call   18 never executed
call   19 never executed
        1:   22-block  6
        1:   22-block  7
call   20 returned 1
branch 21 taken 1 (fallthrough)
branch 22 taken 0
    $$$$$:   22-block  8
call   23 never executed
    $$$$$:   22-block  9
call   24 never executed
    $$$$$:   22-block 10
    $$$$$:   22-block 11
    $$$$$:   22-block 12
call   25 never executed
    $$$$$:   22-block 13
    $$$$$:   22-block 14
call   26 never executed
        3:   23:}
        1:   23-block  0
call    0 returned 1
call    1 returned 1
branch  2 taken 1 (fallthrough)
branch  3 taken 0 (throw)
        1:   23-block  1
call    4 returned 1
call    5 returned 1
branch  6 taken 1 (fallthrough)
branch  7 taken 0 (throw)
        1:   23-block  2
call    8 returned 1
        1:   23-block  3
call    9 returned 1
call   10 returned 1
call   11 returned 1
        1:   23-block  4
        1:   23-block  5
call   12 returned 1
branch 13 taken 1 (fallthrough)
branch 14 taken 0
        1:   23-block  6
        1:   23-block  7
call   15 returned 1
branch 16 taken 1 (fallthrough)
branch 17 taken 0
    $$$$$:   23-block  8
call   18 never executed
    $$$$$:   23-block  9
    $$$$$:   23-block 10
    $$$$$:   23-block 11
call   19 never executed
    $$$$$:   23-block 12
    $$$$$:   23-block 13
    $$$$$:   23-block 14
branch 20 never executed
branch 21 never executed
    $$$$$:   23-block 15
    $$$$$:   23-block 16
branch 22 never executed
branch 23 never executed
    $$$$$:   23-block 17
call   24 never executed
    $$$$$:   23-block 18
call   25 never executed
    $$$$$:   23-block 19
call   26 never executed
------------------
        -:   24:
        4:   25:TEST(Perdio, perdio) {
        -:   26:    tablero t = {
        -:   27:            {cMINA, cVACIA},
        -:   28:            {cVACIA, cVACIA}
        3:   29:    };
        -:   30:
        1:   31:    jugadas j = {{{1,1}, 1}, {{0,0}, 0}};
        -:   32:
        1:   33:    bool p = perdio(t, j);
        -:   34:
       1*:   35:    ASSERT_TRUE(p);
        3:   36:}
------------------
_ZN18Perdio_perdio_TestC2Ev:
function _ZN18Perdio_perdio_TestC2Ev called 1 returned 100% blocks executed 100%
        1:   25:TEST(Perdio, perdio) {
        1:   25-block  0
call    0 returned 1
------------------
_ZN18Perdio_perdio_TestD0Ev:
function _ZN18Perdio_perdio_TestD0Ev called 1 returned 100% blocks executed 100%
        1:   25:TEST(Perdio, perdio) {
        1:   25-block  0
call    0 returned 1
call    1 returned 1
------------------
_ZN18Perdio_perdio_TestD2Ev:
function _ZN18Perdio_perdio_TestD2Ev called 1 returned 100% blocks executed 100%
        1:   25:TEST(Perdio, perdio) {
        1:   25-block  0
call    0 returned 1
------------------
_ZN18Perdio_perdio_Test8TestBodyEv:
function _ZN18Perdio_perdio_Test8TestBodyEv called 1 returned 100% blocks executed 38%
        1:   25:TEST(Perdio, perdio) {
        -:   26:    tablero t = {
        -:   27:            {cMINA, cVACIA},
        -:   28:            {cVACIA, cVACIA}
        3:   29:    };
call    0 returned 1
branch  1 taken 1 (fallthrough)
branch  2 taken 0 (throw)
        1:   29-block  0
call    3 returned 1
        3:   29-block  1
branch  4 taken 2 (fallthrough)
branch  5 taken 1
        2:   29-block  2
call    6 returned 2
    $$$$$:   29-block  3
call    7 never executed
    $$$$$:   29-block  4
    $$$$$:   29-block  5
    $$$$$:   29-block  6
branch  8 never executed
branch  9 never executed
    $$$$$:   29-block  7
call   10 never executed
    $$$$$:   29-block  8
        -:   30:
        1:   31:    jugadas j = {{{1,1}, 1}, {{0,0}, 0}};
call    0 returned 1
branch  1 taken 1 (fallthrough)
branch  2 taken 0 (throw)
        1:   31-block  0
call    3 returned 1
    $$$$$:   31-block  1
call    4 never executed
    $$$$$:   31-block  2
    $$$$$:   31-block  3
        -:   32:
        1:   33:    bool p = perdio(t, j);
call    0 returned 1
branch  1 taken 1 (fallthrough)
branch  2 taken 0 (throw)
        -:   34:
       1*:   35:    ASSERT_TRUE(p);
        1:   35-block  0
call    0 returned 1
call    1 returned 1
branch  2 taken 0 (fallthrough)
branch  3 taken 1
    %%%%%:   35-block  1
call    4 never executed
branch  5 never executed
branch  6 never executed
    %%%%%:   35-block  2
call    7 never executed
branch  8 never executed
branch  9 never executed
    %%%%%:   35-block  3
call   10 never executed
call   11 never executed
branch 12 never executed
branch 13 never executed
    %%%%%:   35-block  4
call   14 never executed
branch 15 never executed
branch 16 never executed
    %%%%%:   35-block  5
call   17 never executed
call   18 never executed
call   19 never executed
        1:   35-block  6
        1:   35-block  7
call   20 returned 1
branch 21 taken 1 (fallthrough)
branch 22 taken 0
    $$$$$:   35-block  8
call   23 never executed
    $$$$$:   35-block  9
call   24 never executed
    $$$$$:   35-block 10
    $$$$$:   35-block 11
    $$$$$:   35-block 12
call   25 never executed
    $$$$$:   35-block 13
    $$$$$:   35-block 14
call   26 never executed
        3:   36:}
        1:   36-block  0
call    0 returned 1
call    1 returned 1
branch  2 taken 1 (fallthrough)
branch  3 taken 0 (throw)
        1:   36-block  1
call    4 returned 1
call    5 returned 1
branch  6 taken 1 (fallthrough)
branch  7 taken 0 (throw)
        1:   36-block  2
call    8 returned 1
        1:   36-block  3
call    9 returned 1
call   10 returned 1
call   11 returned 1
        1:   36-block  4
        1:   36-block  5
call   12 returned 1
branch 13 taken 1 (fallthrough)
branch 14 taken 0
        1:   36-block  6
        1:   36-block  7
call   15 returned 1
branch 16 taken 1 (fallthrough)
branch 17 taken 0
    $$$$$:   36-block  8
call   18 never executed
    $$$$$:   36-block  9
    $$$$$:   36-block 10
    $$$$$:   36-block 11
call   19 never executed
    $$$$$:   36-block 12
    $$$$$:   36-block 13
    $$$$$:   36-block 14
branch 20 never executed
branch 21 never executed
    $$$$$:   36-block 15
    $$$$$:   36-block 16
branch 22 never executed
branch 23 never executed
    $$$$$:   36-block 17
call   24 never executed
    $$$$$:   36-block 18
call   25 never executed
    $$$$$:   36-block 19
call   26 never executed
------------------
