        -:    0:Source:/home/lakso/Documents/Facultad/Algo/tpi/tests/sugerir121TEST.cpp
        -:    0:Graph:/home/lakso/Documents/Facultad/Algo/tpi/cmake-build-debug/CMakeFiles/tpi.dir/tests/sugerir121TEST.gcno
        -:    0:Data:/home/lakso/Documents/Facultad/Algo/tpi/cmake-build-debug/CMakeFiles/tpi.dir/tests/sugerir121TEST.gcda
        -:    0:Runs:1
        -:    1:// Tests para la función sugerir121.
        -:    2:// Ver el archovo README.md para ayuda
        -:    3:
        -:    4:#include "../ejercicios.h"
        -:    5:#include "../auxiliares.h"
        -:    6:#include "gtest/gtest.h"
        -:    7:
        -:    8:using namespace std;
        -:    9:
        -:   10:// .....
        -:   11:// ...x.
        -:   12:// .121.
        -:   13:// .x...
        -:   14:// .....
        4:   15:TEST(Sugerir121, horizontalPosible) {
        1:   16:    tablero t = vector<vector<bool>>(5, vector<bool>(5, false));
        1:   17:    t[4][1] = cMINA;
        1:   18:    t[1][4] = cMINA;
        1:   19:    jugadas j = {{{1, 2}, 1}, {{2, 2}, 2}, {{3,2},1}};
        -:   20:
        1:   21:    banderitas b;
        -:   22:
        1:   23:    pos p;
        1:   24:    bool hay = sugerirAutomatico121(t, b, j, p);
        1:   25:    pos posCorrecta = {2, 1};
       1*:   26:    bool correcto = (p == posCorrecta) && hay;
       1*:   27:    ASSERT_TRUE(correcto);
        1:   28:}
------------------
_ZN33Sugerir121_horizontalPosible_TestC2Ev:
function _ZN33Sugerir121_horizontalPosible_TestC2Ev called 1 returned 100% blocks executed 100%
        1:   15:TEST(Sugerir121, horizontalPosible) {
        1:   15-block  0
call    0 returned 1
------------------
_ZN33Sugerir121_horizontalPosible_TestD0Ev:
function _ZN33Sugerir121_horizontalPosible_TestD0Ev called 1 returned 100% blocks executed 100%
        1:   15:TEST(Sugerir121, horizontalPosible) {
        1:   15-block  0
call    0 returned 1
call    1 returned 1
------------------
_ZN33Sugerir121_horizontalPosible_TestD2Ev:
function _ZN33Sugerir121_horizontalPosible_TestD2Ev called 1 returned 100% blocks executed 100%
        1:   15:TEST(Sugerir121, horizontalPosible) {
        1:   15-block  0
call    0 returned 1
------------------
_ZN33Sugerir121_horizontalPosible_Test8TestBodyEv:
function _ZN33Sugerir121_horizontalPosible_Test8TestBodyEv called 1 returned 100% blocks executed 47%
        1:   15:TEST(Sugerir121, horizontalPosible) {
        1:   16:    tablero t = vector<vector<bool>>(5, vector<bool>(5, false));
        1:   16-block  0
call    0 returned 1
call    1 returned 1
call    2 returned 1
branch  3 taken 1 (fallthrough)
branch  4 taken 0 (throw)
        1:   16-block  1
call    5 returned 1
branch  6 taken 1 (fallthrough)
branch  7 taken 0 (throw)
        1:   16-block  2
call    8 returned 1
call    9 returned 1
call   10 returned 1
    $$$$$:   16-block  3
call   11 never executed
    $$$$$:   16-block  4
    $$$$$:   16-block  5
call   12 never executed
    $$$$$:   16-block  6
    $$$$$:   16-block  7
    $$$$$:   16-block  8
call   13 never executed
    $$$$$:   16-block  9
        1:   17:    t[4][1] = cMINA;
call    0 returned 1
call    1 returned 1
branch  2 taken 1 (fallthrough)
branch  3 taken 0 (throw)
        1:   17-block  0
call    4 returned 1
    $$$$$:   17-block  1
        1:   18:    t[1][4] = cMINA;
call    0 returned 1
call    1 returned 1
branch  2 taken 1 (fallthrough)
branch  3 taken 0 (throw)
        1:   18-block  0
call    4 returned 1
    $$$$$:   18-block  1
        1:   19:    jugadas j = {{{1, 2}, 1}, {{2, 2}, 2}, {{3,2},1}};
call    0 returned 1
call    1 returned 1
branch  2 taken 1 (fallthrough)
branch  3 taken 0 (throw)
        1:   19-block  0
call    4 returned 1
    $$$$$:   19-block  1
call    5 never executed
    $$$$$:   19-block  2
    $$$$$:   19-block  3
        -:   20:
        1:   21:    banderitas b;
call    0 returned 1
        -:   22:
        1:   23:    pos p;
        1:   24:    bool hay = sugerirAutomatico121(t, b, j, p);
call    0 returned 1
branch  1 taken 1 (fallthrough)
branch  2 taken 0 (throw)
        1:   25:    pos posCorrecta = {2, 1};
       1*:   26:    bool correcto = (p == posCorrecta) && hay;
        1:   26-block  0
call    0 returned 1
branch  1 taken 1 (fallthrough)
branch  2 taken 0
        1:   26-block  1
branch  3 taken 1 (fallthrough)
branch  4 taken 0
        1:   26-block  2
    %%%%%:   26-block  3
       1*:   27:    ASSERT_TRUE(correcto);
        1:   27-block  0
call    0 returned 1
call    1 returned 1
branch  2 taken 0 (fallthrough)
branch  3 taken 1
    %%%%%:   27-block  1
call    4 never executed
branch  5 never executed
branch  6 never executed
    %%%%%:   27-block  2
call    7 never executed
branch  8 never executed
branch  9 never executed
    %%%%%:   27-block  3
call   10 never executed
call   11 never executed
branch 12 never executed
branch 13 never executed
    %%%%%:   27-block  4
call   14 never executed
branch 15 never executed
branch 16 never executed
    %%%%%:   27-block  5
call   17 never executed
call   18 never executed
call   19 never executed
        1:   27-block  6
        1:   27-block  7
call   20 returned 1
branch 21 taken 1 (fallthrough)
branch 22 taken 0
    $$$$$:   27-block  8
call   23 never executed
    $$$$$:   27-block  9
call   24 never executed
    $$$$$:   27-block 10
    $$$$$:   27-block 11
    $$$$$:   27-block 12
call   25 never executed
    $$$$$:   27-block 13
    $$$$$:   27-block 14
call   26 never executed
        1:   28:}
        1:   28-block  0
        1:   28-block  1
call    0 returned 1
branch  1 taken 1 (fallthrough)
branch  2 taken 0
        1:   28-block  2
        1:   28-block  3
call    3 returned 1
branch  4 taken 1 (fallthrough)
branch  5 taken 0
        1:   28-block  4
        1:   28-block  5
call    6 returned 1
branch  7 taken 1 (fallthrough)
branch  8 taken 0
    $$$$$:   28-block  6
call    9 never executed
    $$$$$:   28-block  7
call   10 never executed
    $$$$$:   28-block  8
call   11 never executed
------------------
        -:   29:
        -:   30:// .....
        -:   31:// ..bx.
        -:   32:// .121.
        -:   33:// .x...
        -:   34:// .....
        4:   35:TEST(Sugerir121, horizontalPosibleConBanderita) {
        1:   36:    tablero t = vector<vector<bool>>(5, vector<bool>(5, false));
        1:   37:    t[4][1] = cMINA;
        1:   38:    t[1][4] = cMINA;
        1:   39:    jugadas j = {{{1, 2}, 1}, {{2, 2}, 2}, {{3,2},1}};
        -:   40:
        1:   41:    banderitas b = {{2,1}};
        -:   42:
        1:   43:    pos p;
        1:   44:    bool hay = sugerirAutomatico121(t, b, j, p);
        1:   45:    pos posCorrecta = {2, 3};
       1*:   46:    bool correcto = (p == posCorrecta) && hay;
       1*:   47:    ASSERT_TRUE(correcto);
        1:   48:}
------------------
_ZN45Sugerir121_horizontalPosibleConBanderita_TestC2Ev:
function _ZN45Sugerir121_horizontalPosibleConBanderita_TestC2Ev called 1 returned 100% blocks executed 100%
        1:   35:TEST(Sugerir121, horizontalPosibleConBanderita) {
        1:   35-block  0
call    0 returned 1
------------------
_ZN45Sugerir121_horizontalPosibleConBanderita_TestD0Ev:
function _ZN45Sugerir121_horizontalPosibleConBanderita_TestD0Ev called 1 returned 100% blocks executed 100%
        1:   35:TEST(Sugerir121, horizontalPosibleConBanderita) {
        1:   35-block  0
call    0 returned 1
call    1 returned 1
------------------
_ZN45Sugerir121_horizontalPosibleConBanderita_TestD2Ev:
function _ZN45Sugerir121_horizontalPosibleConBanderita_TestD2Ev called 1 returned 100% blocks executed 100%
        1:   35:TEST(Sugerir121, horizontalPosibleConBanderita) {
        1:   35-block  0
call    0 returned 1
------------------
_ZN45Sugerir121_horizontalPosibleConBanderita_Test8TestBodyEv:
function _ZN45Sugerir121_horizontalPosibleConBanderita_Test8TestBodyEv called 1 returned 100% blocks executed 46%
        1:   35:TEST(Sugerir121, horizontalPosibleConBanderita) {
        1:   36:    tablero t = vector<vector<bool>>(5, vector<bool>(5, false));
        1:   36-block  0
call    0 returned 1
call    1 returned 1
call    2 returned 1
branch  3 taken 1 (fallthrough)
branch  4 taken 0 (throw)
        1:   36-block  1
call    5 returned 1
branch  6 taken 1 (fallthrough)
branch  7 taken 0 (throw)
        1:   36-block  2
call    8 returned 1
call    9 returned 1
call   10 returned 1
    $$$$$:   36-block  3
call   11 never executed
    $$$$$:   36-block  4
    $$$$$:   36-block  5
call   12 never executed
    $$$$$:   36-block  6
    $$$$$:   36-block  7
    $$$$$:   36-block  8
call   13 never executed
    $$$$$:   36-block  9
        1:   37:    t[4][1] = cMINA;
call    0 returned 1
call    1 returned 1
branch  2 taken 1 (fallthrough)
branch  3 taken 0 (throw)
        1:   37-block  0
call    4 returned 1
    $$$$$:   37-block  1
        1:   38:    t[1][4] = cMINA;
call    0 returned 1
call    1 returned 1
branch  2 taken 1 (fallthrough)
branch  3 taken 0 (throw)
        1:   38-block  0
call    4 returned 1
    $$$$$:   38-block  1
        1:   39:    jugadas j = {{{1, 2}, 1}, {{2, 2}, 2}, {{3,2},1}};
call    0 returned 1
call    1 returned 1
branch  2 taken 1 (fallthrough)
branch  3 taken 0 (throw)
        1:   39-block  0
call    4 returned 1
    $$$$$:   39-block  1
call    5 never executed
    $$$$$:   39-block  2
    $$$$$:   39-block  3
        -:   40:
        1:   41:    banderitas b = {{2,1}};
call    0 returned 1
call    1 returned 1
branch  2 taken 1 (fallthrough)
branch  3 taken 0 (throw)
        1:   41-block  0
call    4 returned 1
    $$$$$:   41-block  1
call    5 never executed
    $$$$$:   41-block  2
    $$$$$:   41-block  3
        -:   42:
        1:   43:    pos p;
        1:   44:    bool hay = sugerirAutomatico121(t, b, j, p);
call    0 returned 1
branch  1 taken 1 (fallthrough)
branch  2 taken 0 (throw)
        1:   45:    pos posCorrecta = {2, 3};
       1*:   46:    bool correcto = (p == posCorrecta) && hay;
        1:   46-block  0
call    0 returned 1
branch  1 taken 1 (fallthrough)
branch  2 taken 0
        1:   46-block  1
branch  3 taken 1 (fallthrough)
branch  4 taken 0
        1:   46-block  2
    %%%%%:   46-block  3
       1*:   47:    ASSERT_TRUE(correcto);
        1:   47-block  0
call    0 returned 1
call    1 returned 1
branch  2 taken 0 (fallthrough)
branch  3 taken 1
    %%%%%:   47-block  1
call    4 never executed
branch  5 never executed
branch  6 never executed
    %%%%%:   47-block  2
call    7 never executed
branch  8 never executed
branch  9 never executed
    %%%%%:   47-block  3
call   10 never executed
call   11 never executed
branch 12 never executed
branch 13 never executed
    %%%%%:   47-block  4
call   14 never executed
branch 15 never executed
branch 16 never executed
    %%%%%:   47-block  5
call   17 never executed
call   18 never executed
call   19 never executed
        1:   47-block  6
        1:   47-block  7
call   20 returned 1
branch 21 taken 1 (fallthrough)
branch 22 taken 0
    $$$$$:   47-block  8
call   23 never executed
    $$$$$:   47-block  9
call   24 never executed
    $$$$$:   47-block 10
    $$$$$:   47-block 11
    $$$$$:   47-block 12
call   25 never executed
    $$$$$:   47-block 13
    $$$$$:   47-block 14
call   26 never executed
        1:   48:}
        1:   48-block  0
        1:   48-block  1
call    0 returned 1
branch  1 taken 1 (fallthrough)
branch  2 taken 0
        1:   48-block  2
        1:   48-block  3
call    3 returned 1
branch  4 taken 1 (fallthrough)
branch  5 taken 0
        1:   48-block  4
        1:   48-block  5
call    6 returned 1
branch  7 taken 1 (fallthrough)
branch  8 taken 0
    $$$$$:   48-block  6
call    9 never executed
    $$$$$:   48-block  7
call   10 never executed
    $$$$$:   48-block  8
call   11 never executed
------------------
        -:   49:
        -:   50:// .....
        -:   51:// ..bx.
        -:   52:// .121.
        -:   53:// .x1..
        -:   54:// .....
        4:   55:TEST(Sugerir121, horizontalImposible) {
        1:   56:    tablero t = vector<vector<bool>>(5, vector<bool>(5, false));
        1:   57:    t[4][1] = cMINA;
        1:   58:    t[1][4] = cMINA;
        1:   59:    jugadas j = {{{1, 2}, 1}, {{2, 2}, 2}, {{3,2},1}, {{2,3}, 1}};
        -:   60:
        1:   61:    banderitas b = {{2,1}};
        -:   62:
        1:   63:    pos p;
        1:   64:    bool hay = sugerirAutomatico121(t, b, j, p);
       1*:   65:    ASSERT_FALSE(hay);
        1:   66:}
------------------
_ZN35Sugerir121_horizontalImposible_TestC2Ev:
function _ZN35Sugerir121_horizontalImposible_TestC2Ev called 1 returned 100% blocks executed 100%
        1:   55:TEST(Sugerir121, horizontalImposible) {
        1:   55-block  0
call    0 returned 1
------------------
_ZN35Sugerir121_horizontalImposible_TestD0Ev:
function _ZN35Sugerir121_horizontalImposible_TestD0Ev called 1 returned 100% blocks executed 100%
        1:   55:TEST(Sugerir121, horizontalImposible) {
        1:   55-block  0
call    0 returned 1
call    1 returned 1
------------------
_ZN35Sugerir121_horizontalImposible_TestD2Ev:
function _ZN35Sugerir121_horizontalImposible_TestD2Ev called 1 returned 100% blocks executed 100%
        1:   55:TEST(Sugerir121, horizontalImposible) {
        1:   55-block  0
call    0 returned 1
------------------
_ZN35Sugerir121_horizontalImposible_Test8TestBodyEv:
function _ZN35Sugerir121_horizontalImposible_Test8TestBodyEv called 1 returned 100% blocks executed 44%
        1:   55:TEST(Sugerir121, horizontalImposible) {
        1:   56:    tablero t = vector<vector<bool>>(5, vector<bool>(5, false));
        1:   56-block  0
call    0 returned 1
call    1 returned 1
call    2 returned 1
branch  3 taken 1 (fallthrough)
branch  4 taken 0 (throw)
        1:   56-block  1
call    5 returned 1
branch  6 taken 1 (fallthrough)
branch  7 taken 0 (throw)
        1:   56-block  2
call    8 returned 1
call    9 returned 1
call   10 returned 1
    $$$$$:   56-block  3
call   11 never executed
    $$$$$:   56-block  4
    $$$$$:   56-block  5
call   12 never executed
    $$$$$:   56-block  6
    $$$$$:   56-block  7
    $$$$$:   56-block  8
call   13 never executed
    $$$$$:   56-block  9
        1:   57:    t[4][1] = cMINA;
call    0 returned 1
call    1 returned 1
branch  2 taken 1 (fallthrough)
branch  3 taken 0 (throw)
        1:   57-block  0
call    4 returned 1
    $$$$$:   57-block  1
        1:   58:    t[1][4] = cMINA;
call    0 returned 1
call    1 returned 1
branch  2 taken 1 (fallthrough)
branch  3 taken 0 (throw)
        1:   58-block  0
call    4 returned 1
    $$$$$:   58-block  1
        1:   59:    jugadas j = {{{1, 2}, 1}, {{2, 2}, 2}, {{3,2},1}, {{2,3}, 1}};
call    0 returned 1
call    1 returned 1
branch  2 taken 1 (fallthrough)
branch  3 taken 0 (throw)
        1:   59-block  0
call    4 returned 1
    $$$$$:   59-block  1
call    5 never executed
    $$$$$:   59-block  2
    $$$$$:   59-block  3
        -:   60:
        1:   61:    banderitas b = {{2,1}};
call    0 returned 1
call    1 returned 1
branch  2 taken 1 (fallthrough)
branch  3 taken 0 (throw)
        1:   61-block  0
call    4 returned 1
    $$$$$:   61-block  1
call    5 never executed
    $$$$$:   61-block  2
    $$$$$:   61-block  3
        -:   62:
        1:   63:    pos p;
        1:   64:    bool hay = sugerirAutomatico121(t, b, j, p);
call    0 returned 1
branch  1 taken 1 (fallthrough)
branch  2 taken 0 (throw)
       1*:   65:    ASSERT_FALSE(hay);
        1:   65-block  0
call    0 returned 1
call    1 returned 1
branch  2 taken 0 (fallthrough)
branch  3 taken 1
    %%%%%:   65-block  1
call    4 never executed
branch  5 never executed
branch  6 never executed
    %%%%%:   65-block  2
call    7 never executed
branch  8 never executed
branch  9 never executed
    %%%%%:   65-block  3
call   10 never executed
call   11 never executed
branch 12 never executed
branch 13 never executed
    %%%%%:   65-block  4
call   14 never executed
branch 15 never executed
branch 16 never executed
    %%%%%:   65-block  5
call   17 never executed
call   18 never executed
call   19 never executed
        1:   65-block  6
        1:   65-block  7
call   20 returned 1
branch 21 taken 1 (fallthrough)
branch 22 taken 0
    $$$$$:   65-block  8
call   23 never executed
    $$$$$:   65-block  9
call   24 never executed
    $$$$$:   65-block 10
    $$$$$:   65-block 11
    $$$$$:   65-block 12
call   25 never executed
    $$$$$:   65-block 13
    $$$$$:   65-block 14
call   26 never executed
        1:   66:}
        1:   66-block  0
        1:   66-block  1
call    0 returned 1
branch  1 taken 1 (fallthrough)
branch  2 taken 0
        1:   66-block  2
        1:   66-block  3
call    3 returned 1
branch  4 taken 1 (fallthrough)
branch  5 taken 0
        1:   66-block  4
        1:   66-block  5
call    6 returned 1
branch  7 taken 1 (fallthrough)
branch  8 taken 0
    $$$$$:   66-block  6
call    9 never executed
    $$$$$:   66-block  7
call   10 never executed
    $$$$$:   66-block  8
call   11 never executed
------------------
        -:   67:
        -:   68:// .....
        -:   69:// .x1..
        -:   70:// ..2..
        -:   71:// ..1x.
        -:   72:// .....
        4:   73:TEST(Sugerir121, verticalPosible) {
        1:   74:    tablero t = vector<vector<bool>>(5, vector<bool>(5, false));
        1:   75:    t[1][1] = cMINA;
        1:   76:    t[3][3] = cMINA;
        1:   77:    jugadas j = {{{2,1}, 1}, {{2,2},2}, {{2,3},1}};
        -:   78:
        1:   79:    banderitas b;
        -:   80:
        1:   81:    pos p;
        1:   82:    bool hay = sugerirAutomatico121(t, b, j, p);
        1:   83:    pos posCorrecta = {3, 2};
       1*:   84:    bool correcto = (p == posCorrecta) && hay;
       1*:   85:    ASSERT_TRUE(correcto);
        1:   86:}
------------------
_ZN31Sugerir121_verticalPosible_TestC2Ev:
function _ZN31Sugerir121_verticalPosible_TestC2Ev called 1 returned 100% blocks executed 100%
        1:   73:TEST(Sugerir121, verticalPosible) {
        1:   73-block  0
call    0 returned 1
------------------
_ZN31Sugerir121_verticalPosible_TestD0Ev:
function _ZN31Sugerir121_verticalPosible_TestD0Ev called 1 returned 100% blocks executed 100%
        1:   73:TEST(Sugerir121, verticalPosible) {
        1:   73-block  0
call    0 returned 1
call    1 returned 1
------------------
_ZN31Sugerir121_verticalPosible_TestD2Ev:
function _ZN31Sugerir121_verticalPosible_TestD2Ev called 1 returned 100% blocks executed 100%
        1:   73:TEST(Sugerir121, verticalPosible) {
        1:   73-block  0
call    0 returned 1
------------------
_ZN31Sugerir121_verticalPosible_Test8TestBodyEv:
function _ZN31Sugerir121_verticalPosible_Test8TestBodyEv called 1 returned 100% blocks executed 47%
        1:   73:TEST(Sugerir121, verticalPosible) {
        1:   74:    tablero t = vector<vector<bool>>(5, vector<bool>(5, false));
        1:   74-block  0
call    0 returned 1
call    1 returned 1
call    2 returned 1
branch  3 taken 1 (fallthrough)
branch  4 taken 0 (throw)
        1:   74-block  1
call    5 returned 1
branch  6 taken 1 (fallthrough)
branch  7 taken 0 (throw)
        1:   74-block  2
call    8 returned 1
call    9 returned 1
call   10 returned 1
    $$$$$:   74-block  3
call   11 never executed
    $$$$$:   74-block  4
    $$$$$:   74-block  5
call   12 never executed
    $$$$$:   74-block  6
    $$$$$:   74-block  7
    $$$$$:   74-block  8
call   13 never executed
    $$$$$:   74-block  9
        1:   75:    t[1][1] = cMINA;
call    0 returned 1
call    1 returned 1
branch  2 taken 1 (fallthrough)
branch  3 taken 0 (throw)
        1:   75-block  0
call    4 returned 1
    $$$$$:   75-block  1
        1:   76:    t[3][3] = cMINA;
call    0 returned 1
call    1 returned 1
branch  2 taken 1 (fallthrough)
branch  3 taken 0 (throw)
        1:   76-block  0
call    4 returned 1
    $$$$$:   76-block  1
        1:   77:    jugadas j = {{{2,1}, 1}, {{2,2},2}, {{2,3},1}};
call    0 returned 1
call    1 returned 1
branch  2 taken 1 (fallthrough)
branch  3 taken 0 (throw)
        1:   77-block  0
call    4 returned 1
    $$$$$:   77-block  1
call    5 never executed
    $$$$$:   77-block  2
    $$$$$:   77-block  3
        -:   78:
        1:   79:    banderitas b;
call    0 returned 1
        -:   80:
        1:   81:    pos p;
        1:   82:    bool hay = sugerirAutomatico121(t, b, j, p);
call    0 returned 1
branch  1 taken 1 (fallthrough)
branch  2 taken 0 (throw)
        1:   83:    pos posCorrecta = {3, 2};
       1*:   84:    bool correcto = (p == posCorrecta) && hay;
        1:   84-block  0
call    0 returned 1
branch  1 taken 1 (fallthrough)
branch  2 taken 0
        1:   84-block  1
branch  3 taken 1 (fallthrough)
branch  4 taken 0
        1:   84-block  2
    %%%%%:   84-block  3
       1*:   85:    ASSERT_TRUE(correcto);
        1:   85-block  0
call    0 returned 1
call    1 returned 1
branch  2 taken 0 (fallthrough)
branch  3 taken 1
    %%%%%:   85-block  1
call    4 never executed
branch  5 never executed
branch  6 never executed
    %%%%%:   85-block  2
call    7 never executed
branch  8 never executed
branch  9 never executed
    %%%%%:   85-block  3
call   10 never executed
call   11 never executed
branch 12 never executed
branch 13 never executed
    %%%%%:   85-block  4
call   14 never executed
branch 15 never executed
branch 16 never executed
    %%%%%:   85-block  5
call   17 never executed
call   18 never executed
call   19 never executed
        1:   85-block  6
        1:   85-block  7
call   20 returned 1
branch 21 taken 1 (fallthrough)
branch 22 taken 0
    $$$$$:   85-block  8
call   23 never executed
    $$$$$:   85-block  9
call   24 never executed
    $$$$$:   85-block 10
    $$$$$:   85-block 11
    $$$$$:   85-block 12
call   25 never executed
    $$$$$:   85-block 13
    $$$$$:   85-block 14
call   26 never executed
        1:   86:}
        1:   86-block  0
        1:   86-block  1
call    0 returned 1
branch  1 taken 1 (fallthrough)
branch  2 taken 0
        1:   86-block  2
        1:   86-block  3
call    3 returned 1
branch  4 taken 1 (fallthrough)
branch  5 taken 0
        1:   86-block  4
        1:   86-block  5
call    6 returned 1
branch  7 taken 1 (fallthrough)
branch  8 taken 0
    $$$$$:   86-block  6
call    9 never executed
    $$$$$:   86-block  7
call   10 never executed
    $$$$$:   86-block  8
call   11 never executed
------------------
        -:   87:
        -:   88:// .....
        -:   89:// .x1..
        -:   90:// ..2b.
        -:   91:// ..1x.
        -:   92:// .....
        4:   93:TEST(Sugerir121, verticalPosibleConBanderita) {
        1:   94:    tablero t = vector<vector<bool>>(5, vector<bool>(5, false));
        1:   95:    t[1][1] = cMINA;
        1:   96:    t[3][3] = cMINA;
        1:   97:    jugadas j = {{{2,1}, 1}, {{2,2},2}, {{2,3},1}};
        -:   98:
        1:   99:    banderitas b = {{3,2}};
        -:  100:
        1:  101:    pos p;
        1:  102:    bool hay = sugerirAutomatico121(t, b, j, p);
        1:  103:    pos posCorrecta = {1, 2};
       1*:  104:    bool correcto = (p == posCorrecta) && hay;
       1*:  105:    ASSERT_TRUE(correcto);
        1:  106:}
------------------
_ZN43Sugerir121_verticalPosibleConBanderita_TestC2Ev:
function _ZN43Sugerir121_verticalPosibleConBanderita_TestC2Ev called 1 returned 100% blocks executed 100%
        1:   93:TEST(Sugerir121, verticalPosibleConBanderita) {
        1:   93-block  0
call    0 returned 1
------------------
_ZN43Sugerir121_verticalPosibleConBanderita_TestD0Ev:
function _ZN43Sugerir121_verticalPosibleConBanderita_TestD0Ev called 1 returned 100% blocks executed 100%
        1:   93:TEST(Sugerir121, verticalPosibleConBanderita) {
        1:   93-block  0
call    0 returned 1
call    1 returned 1
------------------
_ZN43Sugerir121_verticalPosibleConBanderita_TestD2Ev:
function _ZN43Sugerir121_verticalPosibleConBanderita_TestD2Ev called 1 returned 100% blocks executed 100%
        1:   93:TEST(Sugerir121, verticalPosibleConBanderita) {
        1:   93-block  0
call    0 returned 1
------------------
_ZN43Sugerir121_verticalPosibleConBanderita_Test8TestBodyEv:
function _ZN43Sugerir121_verticalPosibleConBanderita_Test8TestBodyEv called 1 returned 100% blocks executed 46%
        1:   93:TEST(Sugerir121, verticalPosibleConBanderita) {
        1:   94:    tablero t = vector<vector<bool>>(5, vector<bool>(5, false));
        1:   94-block  0
call    0 returned 1
call    1 returned 1
call    2 returned 1
branch  3 taken 1 (fallthrough)
branch  4 taken 0 (throw)
        1:   94-block  1
call    5 returned 1
branch  6 taken 1 (fallthrough)
branch  7 taken 0 (throw)
        1:   94-block  2
call    8 returned 1
call    9 returned 1
call   10 returned 1
    $$$$$:   94-block  3
call   11 never executed
    $$$$$:   94-block  4
    $$$$$:   94-block  5
call   12 never executed
    $$$$$:   94-block  6
    $$$$$:   94-block  7
    $$$$$:   94-block  8
call   13 never executed
    $$$$$:   94-block  9
        1:   95:    t[1][1] = cMINA;
call    0 returned 1
call    1 returned 1
branch  2 taken 1 (fallthrough)
branch  3 taken 0 (throw)
        1:   95-block  0
call    4 returned 1
    $$$$$:   95-block  1
        1:   96:    t[3][3] = cMINA;
call    0 returned 1
call    1 returned 1
branch  2 taken 1 (fallthrough)
branch  3 taken 0 (throw)
        1:   96-block  0
call    4 returned 1
    $$$$$:   96-block  1
        1:   97:    jugadas j = {{{2,1}, 1}, {{2,2},2}, {{2,3},1}};
call    0 returned 1
call    1 returned 1
branch  2 taken 1 (fallthrough)
branch  3 taken 0 (throw)
        1:   97-block  0
call    4 returned 1
    $$$$$:   97-block  1
call    5 never executed
    $$$$$:   97-block  2
    $$$$$:   97-block  3
        -:   98:
        1:   99:    banderitas b = {{3,2}};
call    0 returned 1
call    1 returned 1
branch  2 taken 1 (fallthrough)
branch  3 taken 0 (throw)
        1:   99-block  0
call    4 returned 1
    $$$$$:   99-block  1
call    5 never executed
    $$$$$:   99-block  2
    $$$$$:   99-block  3
        -:  100:
        1:  101:    pos p;
        1:  102:    bool hay = sugerirAutomatico121(t, b, j, p);
call    0 returned 1
branch  1 taken 1 (fallthrough)
branch  2 taken 0 (throw)
        1:  103:    pos posCorrecta = {1, 2};
       1*:  104:    bool correcto = (p == posCorrecta) && hay;
        1:  104-block  0
call    0 returned 1
branch  1 taken 1 (fallthrough)
branch  2 taken 0
        1:  104-block  1
branch  3 taken 1 (fallthrough)
branch  4 taken 0
        1:  104-block  2
    %%%%%:  104-block  3
       1*:  105:    ASSERT_TRUE(correcto);
        1:  105-block  0
call    0 returned 1
call    1 returned 1
branch  2 taken 0 (fallthrough)
branch  3 taken 1
    %%%%%:  105-block  1
call    4 never executed
branch  5 never executed
branch  6 never executed
    %%%%%:  105-block  2
call    7 never executed
branch  8 never executed
branch  9 never executed
    %%%%%:  105-block  3
call   10 never executed
call   11 never executed
branch 12 never executed
branch 13 never executed
    %%%%%:  105-block  4
call   14 never executed
branch 15 never executed
branch 16 never executed
    %%%%%:  105-block  5
call   17 never executed
call   18 never executed
call   19 never executed
        1:  105-block  6
        1:  105-block  7
call   20 returned 1
branch 21 taken 1 (fallthrough)
branch 22 taken 0
    $$$$$:  105-block  8
call   23 never executed
    $$$$$:  105-block  9
call   24 never executed
    $$$$$:  105-block 10
    $$$$$:  105-block 11
    $$$$$:  105-block 12
call   25 never executed
    $$$$$:  105-block 13
    $$$$$:  105-block 14
call   26 never executed
        1:  106:}
        1:  106-block  0
        1:  106-block  1
call    0 returned 1
branch  1 taken 1 (fallthrough)
branch  2 taken 0
        1:  106-block  2
        1:  106-block  3
call    3 returned 1
branch  4 taken 1 (fallthrough)
branch  5 taken 0
        1:  106-block  4
        1:  106-block  5
call    6 returned 1
branch  7 taken 1 (fallthrough)
branch  8 taken 0
    $$$$$:  106-block  6
call    9 never executed
    $$$$$:  106-block  7
call   10 never executed
    $$$$$:  106-block  8
call   11 never executed
------------------
        -:  107:
        -:  108:// .....
        -:  109:// 1x...
        -:  110:// 2b...
        -:  111:// 1x...
        -:  112:// .....
        4:  113:TEST(Sugerir121, verticalImposible) {
        1:  114:    tablero t = vector<vector<bool>>(5, vector<bool>(5, false));
        1:  115:    t[1][1] = cMINA;
        1:  116:    t[1][3] = cMINA;
        1:  117:    jugadas j = {{{0,1}, 1}, {{0,2},2}, {{0,3},1}};
        -:  118:
        1:  119:    banderitas b = {{1,2}};
        -:  120:
        1:  121:    pos p;
        1:  122:    bool hay = sugerirAutomatico121(t, b, j, p);
       1*:  123:    ASSERT_FALSE(hay);
        1:  124:}
------------------
_ZN33Sugerir121_verticalImposible_TestC2Ev:
function _ZN33Sugerir121_verticalImposible_TestC2Ev called 1 returned 100% blocks executed 100%
        1:  113:TEST(Sugerir121, verticalImposible) {
        1:  113-block  0
call    0 returned 1
------------------
_ZN33Sugerir121_verticalImposible_TestD0Ev:
function _ZN33Sugerir121_verticalImposible_TestD0Ev called 1 returned 100% blocks executed 100%
        1:  113:TEST(Sugerir121, verticalImposible) {
        1:  113-block  0
call    0 returned 1
call    1 returned 1
------------------
_ZN33Sugerir121_verticalImposible_TestD2Ev:
function _ZN33Sugerir121_verticalImposible_TestD2Ev called 1 returned 100% blocks executed 100%
        1:  113:TEST(Sugerir121, verticalImposible) {
        1:  113-block  0
call    0 returned 1
------------------
_ZN33Sugerir121_verticalImposible_Test8TestBodyEv:
function _ZN33Sugerir121_verticalImposible_Test8TestBodyEv called 1 returned 100% blocks executed 44%
        1:  113:TEST(Sugerir121, verticalImposible) {
        1:  114:    tablero t = vector<vector<bool>>(5, vector<bool>(5, false));
        1:  114-block  0
call    0 returned 1
call    1 returned 1
call    2 returned 1
branch  3 taken 1 (fallthrough)
branch  4 taken 0 (throw)
        1:  114-block  1
call    5 returned 1
branch  6 taken 1 (fallthrough)
branch  7 taken 0 (throw)
        1:  114-block  2
call    8 returned 1
call    9 returned 1
call   10 returned 1
    $$$$$:  114-block  3
call   11 never executed
    $$$$$:  114-block  4
    $$$$$:  114-block  5
call   12 never executed
    $$$$$:  114-block  6
    $$$$$:  114-block  7
    $$$$$:  114-block  8
call   13 never executed
    $$$$$:  114-block  9
        1:  115:    t[1][1] = cMINA;
call    0 returned 1
call    1 returned 1
branch  2 taken 1 (fallthrough)
branch  3 taken 0 (throw)
        1:  115-block  0
call    4 returned 1
    $$$$$:  115-block  1
        1:  116:    t[1][3] = cMINA;
call    0 returned 1
call    1 returned 1
branch  2 taken 1 (fallthrough)
branch  3 taken 0 (throw)
        1:  116-block  0
call    4 returned 1
    $$$$$:  116-block  1
        1:  117:    jugadas j = {{{0,1}, 1}, {{0,2},2}, {{0,3},1}};
call    0 returned 1
call    1 returned 1
branch  2 taken 1 (fallthrough)
branch  3 taken 0 (throw)
        1:  117-block  0
call    4 returned 1
    $$$$$:  117-block  1
call    5 never executed
    $$$$$:  117-block  2
    $$$$$:  117-block  3
        -:  118:
        1:  119:    banderitas b = {{1,2}};
call    0 returned 1
call    1 returned 1
branch  2 taken 1 (fallthrough)
branch  3 taken 0 (throw)
        1:  119-block  0
call    4 returned 1
    $$$$$:  119-block  1
call    5 never executed
    $$$$$:  119-block  2
    $$$$$:  119-block  3
        -:  120:
        1:  121:    pos p;
        1:  122:    bool hay = sugerirAutomatico121(t, b, j, p);
call    0 returned 1
branch  1 taken 1 (fallthrough)
branch  2 taken 0 (throw)
       1*:  123:    ASSERT_FALSE(hay);
        1:  123-block  0
call    0 returned 1
call    1 returned 1
branch  2 taken 0 (fallthrough)
branch  3 taken 1
    %%%%%:  123-block  1
call    4 never executed
branch  5 never executed
branch  6 never executed
    %%%%%:  123-block  2
call    7 never executed
branch  8 never executed
branch  9 never executed
    %%%%%:  123-block  3
call   10 never executed
call   11 never executed
branch 12 never executed
branch 13 never executed
    %%%%%:  123-block  4
call   14 never executed
branch 15 never executed
branch 16 never executed
    %%%%%:  123-block  5
call   17 never executed
call   18 never executed
call   19 never executed
        1:  123-block  6
        1:  123-block  7
call   20 returned 1
branch 21 taken 1 (fallthrough)
branch 22 taken 0
    $$$$$:  123-block  8
call   23 never executed
    $$$$$:  123-block  9
call   24 never executed
    $$$$$:  123-block 10
    $$$$$:  123-block 11
    $$$$$:  123-block 12
call   25 never executed
    $$$$$:  123-block 13
    $$$$$:  123-block 14
call   26 never executed
        1:  124:}
        1:  124-block  0
        1:  124-block  1
call    0 returned 1
branch  1 taken 1 (fallthrough)
branch  2 taken 0
        1:  124-block  2
        1:  124-block  3
call    3 returned 1
branch  4 taken 1 (fallthrough)
branch  5 taken 0
        1:  124-block  4
        1:  124-block  5
call    6 returned 1
branch  7 taken 1 (fallthrough)
branch  8 taken 0
    $$$$$:  124-block  6
call    9 never executed
    $$$$$:  124-block  7
call   10 never executed
    $$$$$:  124-block  8
call   11 never executed
------------------
        -:  125:
        -:  126:// .....
        -:  127:// .....
        -:  128:// .....
        -:  129:// .....
        -:  130:// .....
        4:  131:TEST(Sugerir121, sin121) {
        1:  132:    tablero t = vector<vector<bool>>(5, vector<bool>(5, false));
        1:  133:    jugadas j = {};
        -:  134:
        1:  135:    banderitas b = {};
        -:  136:
        1:  137:    pos p;
        1:  138:    bool hay = sugerirAutomatico121(t, b, j, p);
       1*:  139:    ASSERT_FALSE(hay);
        1:  140:}
------------------
_ZN22Sugerir121_sin121_TestC2Ev:
function _ZN22Sugerir121_sin121_TestC2Ev called 1 returned 100% blocks executed 100%
        1:  131:TEST(Sugerir121, sin121) {
        1:  131-block  0
call    0 returned 1
------------------
_ZN22Sugerir121_sin121_TestD0Ev:
function _ZN22Sugerir121_sin121_TestD0Ev called 1 returned 100% blocks executed 100%
        1:  131:TEST(Sugerir121, sin121) {
        1:  131-block  0
call    0 returned 1
call    1 returned 1
------------------
_ZN22Sugerir121_sin121_TestD2Ev:
function _ZN22Sugerir121_sin121_TestD2Ev called 1 returned 100% blocks executed 100%
        1:  131:TEST(Sugerir121, sin121) {
        1:  131-block  0
call    0 returned 1
------------------
_ZN22Sugerir121_sin121_Test8TestBodyEv:
function _ZN22Sugerir121_sin121_Test8TestBodyEv called 1 returned 100% blocks executed 42%
        1:  131:TEST(Sugerir121, sin121) {
        1:  132:    tablero t = vector<vector<bool>>(5, vector<bool>(5, false));
        1:  132-block  0
call    0 returned 1
call    1 returned 1
call    2 returned 1
branch  3 taken 1 (fallthrough)
branch  4 taken 0 (throw)
        1:  132-block  1
call    5 returned 1
branch  6 taken 1 (fallthrough)
branch  7 taken 0 (throw)
        1:  132-block  2
call    8 returned 1
call    9 returned 1
call   10 returned 1
    $$$$$:  132-block  3
call   11 never executed
    $$$$$:  132-block  4
    $$$$$:  132-block  5
call   12 never executed
    $$$$$:  132-block  6
    $$$$$:  132-block  7
    $$$$$:  132-block  8
call   13 never executed
    $$$$$:  132-block  9
        1:  133:    jugadas j = {};
call    0 returned 1
        -:  134:
        1:  135:    banderitas b = {};
call    0 returned 1
        -:  136:
        1:  137:    pos p;
        1:  138:    bool hay = sugerirAutomatico121(t, b, j, p);
call    0 returned 1
branch  1 taken 1 (fallthrough)
branch  2 taken 0 (throw)
       1*:  139:    ASSERT_FALSE(hay);
        1:  139-block  0
call    0 returned 1
call    1 returned 1
branch  2 taken 0 (fallthrough)
branch  3 taken 1
    %%%%%:  139-block  1
call    4 never executed
branch  5 never executed
branch  6 never executed
    %%%%%:  139-block  2
call    7 never executed
branch  8 never executed
branch  9 never executed
    %%%%%:  139-block  3
call   10 never executed
call   11 never executed
branch 12 never executed
branch 13 never executed
    %%%%%:  139-block  4
call   14 never executed
branch 15 never executed
branch 16 never executed
    %%%%%:  139-block  5
call   17 never executed
call   18 never executed
call   19 never executed
        1:  139-block  6
        1:  139-block  7
call   20 returned 1
branch 21 taken 1 (fallthrough)
branch 22 taken 0
    $$$$$:  139-block  8
call   23 never executed
    $$$$$:  139-block  9
call   24 never executed
    $$$$$:  139-block 10
    $$$$$:  139-block 11
    $$$$$:  139-block 12
call   25 never executed
    $$$$$:  139-block 13
    $$$$$:  139-block 14
call   26 never executed
        1:  140:}
        1:  140-block  0
        1:  140-block  1
call    0 returned 1
branch  1 taken 1 (fallthrough)
branch  2 taken 0
        1:  140-block  2
        1:  140-block  3
call    3 returned 1
branch  4 taken 1 (fallthrough)
branch  5 taken 0
        1:  140-block  4
        1:  140-block  5
call    6 returned 1
branch  7 taken 1 (fallthrough)
branch  8 taken 0
    $$$$$:  140-block  6
call    9 never executed
    $$$$$:  140-block  7
call   10 never executed
    $$$$$:  140-block  8
call   11 never executed
------------------
