        -:    0:Source:/home/lakso/Documents/Facultad/Algo/tpi/tests/sugerir121TEST.cpp
        -:    0:Graph:/home/lakso/Documents/Facultad/Algo/tpi/cmake-build-debug/CMakeFiles/tpi.dir/tests/sugerir121TEST.gcno
        -:    0:Data:/home/lakso/Documents/Facultad/Algo/tpi/cmake-build-debug/CMakeFiles/tpi.dir/tests/sugerir121TEST.gcda
        -:    0:Runs:1
        -:    1:// Tests para la función sugerir121.
        -:    2:// Ver el archovo README.md para ayuda
        -:    3:
        -:    4:#include "../ejercicios.h"
        -:    5:#include "../auxiliares.h"
        -:    6:#include "gtest/gtest.h"
        -:    7:
        -:    8:using namespace std;
        -:    9:
        -:   10:// .....
        -:   11:// ...x.
        -:   12:// .121.
        -:   13:// .x...
        -:   14:// .....
        4:   15:TEST(Sugerir121, horizontalPosible) {
        1:   16:    tablero t = vector<vector<bool>>(5, vector<bool>(5, false));
        1:   17:    t[4][1] = cMINA;
        1:   18:    t[1][4] = cMINA;
        1:   19:    jugadas j = {{{1, 2}, 1}, {{2, 2}, 2}, {{3,2},1}};
        -:   20:
        1:   21:    banderitas b;
        -:   22:
        1:   23:    pos p;
        1:   24:    bool hay = sugerirAutomatico121(t, b, j, p);
        1:   25:    pos posCorrecta = {2, 1};
       1*:   26:    bool correcto = (p == posCorrecta) && hay;
       1*:   27:    ASSERT_TRUE(correcto);
        1:   28:}
------------------
_ZN33Sugerir121_horizontalPosible_TestC2Ev:
function _ZN33Sugerir121_horizontalPosible_TestC2Ev called 1 returned 100% blocks executed 100%
        1:   15:TEST(Sugerir121, horizontalPosible) {
        1:   15-block  0
call    0 returned 1
------------------
_ZN33Sugerir121_horizontalPosible_TestD0Ev:
function _ZN33Sugerir121_horizontalPosible_TestD0Ev called 1 returned 100% blocks executed 100%
        1:   15:TEST(Sugerir121, horizontalPosible) {
        1:   15-block  0
call    0 returned 1
call    1 returned 1
------------------
_ZN33Sugerir121_horizontalPosible_TestD2Ev:
function _ZN33Sugerir121_horizontalPosible_TestD2Ev called 1 returned 100% blocks executed 100%
        1:   15:TEST(Sugerir121, horizontalPosible) {
        1:   15-block  0
call    0 returned 1
------------------
_ZN33Sugerir121_horizontalPosible_Test8TestBodyEv:
function _ZN33Sugerir121_horizontalPosible_Test8TestBodyEv called 1 returned 100% blocks executed 47%
        1:   15:TEST(Sugerir121, horizontalPosible) {
        1:   16:    tablero t = vector<vector<bool>>(5, vector<bool>(5, false));
        1:   16-block  0
call    0 returned 1
call    1 returned 1
call    2 returned 1
branch  3 taken 1 (fallthrough)
branch  4 taken 0 (throw)
        1:   16-block  1
call    5 returned 1
branch  6 taken 1 (fallthrough)
branch  7 taken 0 (throw)
        1:   16-block  2
call    8 returned 1
call    9 returned 1
call   10 returned 1
    $$$$$:   16-block  3
call   11 never executed
    $$$$$:   16-block  4
    $$$$$:   16-block  5
call   12 never executed
    $$$$$:   16-block  6
    $$$$$:   16-block  7
    $$$$$:   16-block  8
call   13 never executed
    $$$$$:   16-block  9
        1:   17:    t[4][1] = cMINA;
call    0 returned 1
call    1 returned 1
branch  2 taken 1 (fallthrough)
branch  3 taken 0 (throw)
        1:   17-block  0
call    4 returned 1
    $$$$$:   17-block  1
        1:   18:    t[1][4] = cMINA;
call    0 returned 1
call    1 returned 1
branch  2 taken 1 (fallthrough)
branch  3 taken 0 (throw)
        1:   18-block  0
call    4 returned 1
    $$$$$:   18-block  1
        1:   19:    jugadas j = {{{1, 2}, 1}, {{2, 2}, 2}, {{3,2},1}};
call    0 returned 1
call    1 returned 1
branch  2 taken 1 (fallthrough)
branch  3 taken 0 (throw)
        1:   19-block  0
call    4 returned 1
    $$$$$:   19-block  1
call    5 never executed
    $$$$$:   19-block  2
    $$$$$:   19-block  3
        -:   20:
        1:   21:    banderitas b;
call    0 returned 1
        -:   22:
        1:   23:    pos p;
        1:   24:    bool hay = sugerirAutomatico121(t, b, j, p);
call    0 returned 1
branch  1 taken 1 (fallthrough)
branch  2 taken 0 (throw)
        1:   25:    pos posCorrecta = {2, 1};
       1*:   26:    bool correcto = (p == posCorrecta) && hay;
        1:   26-block  0
call    0 returned 1
branch  1 taken 1 (fallthrough)
branch  2 taken 0
        1:   26-block  1
branch  3 taken 1 (fallthrough)
branch  4 taken 0
        1:   26-block  2
    %%%%%:   26-block  3
       1*:   27:    ASSERT_TRUE(correcto);
        1:   27-block  0
call    0 returned 1
call    1 returned 1
branch  2 taken 0 (fallthrough)
branch  3 taken 1
    %%%%%:   27-block  1
call    4 never executed
branch  5 never executed
branch  6 never executed
    %%%%%:   27-block  2
call    7 never executed
branch  8 never executed
branch  9 never executed
    %%%%%:   27-block  3
call   10 never executed
call   11 never executed
branch 12 never executed
branch 13 never executed
    %%%%%:   27-block  4
call   14 never executed
branch 15 never executed
branch 16 never executed
    %%%%%:   27-block  5
call   17 never executed
call   18 never executed
call   19 never executed
        1:   27-block  6
        1:   27-block  7
call   20 returned 1
branch 21 taken 1 (fallthrough)
branch 22 taken 0
    $$$$$:   27-block  8
call   23 never executed
    $$$$$:   27-block  9
call   24 never executed
    $$$$$:   27-block 10
    $$$$$:   27-block 11
    $$$$$:   27-block 12
call   25 never executed
    $$$$$:   27-block 13
    $$$$$:   27-block 14
call   26 never executed
        1:   28:}
        1:   28-block  0
        1:   28-block  1
call    0 returned 1
branch  1 taken 1 (fallthrough)
branch  2 taken 0
        1:   28-block  2
        1:   28-block  3
call    3 returned 1
branch  4 taken 1 (fallthrough)
branch  5 taken 0
        1:   28-block  4
        1:   28-block  5
call    6 returned 1
branch  7 taken 1 (fallthrough)
branch  8 taken 0
    $$$$$:   28-block  6
call    9 never executed
    $$$$$:   28-block  7
call   10 never executed
    $$$$$:   28-block  8
call   11 never executed
------------------
        -:   29:
        -:   30:// .....
        -:   31:// ..bx.
        -:   32:// .121.
        -:   33:// .x...
        -:   34:// .....
        4:   35:TEST(Sugerir121, horizontalPosibleConBanderita) {
        1:   36:    tablero t = vector<vector<bool>>(5, vector<bool>(5, false));
        1:   37:    t[4][1] = cMINA;
        1:   38:    t[1][4] = cMINA;
        1:   39:    jugadas j = {{{1, 2}, 1}, {{2, 2}, 2}, {{3,2},1}};
        -:   40:
        1:   41:    banderitas b = {{2,1}};
        -:   42:
        1:   43:    pos p;
        1:   44:    bool hay = sugerirAutomatico121(t, b, j, p);
        1:   45:    pos posCorrecta = {2, 3};
       1*:   46:    bool correcto = (p == posCorrecta) && hay;
       1*:   47:    ASSERT_TRUE(correcto);
        1:   48:}
------------------
_ZN45Sugerir121_horizontalPosibleConBanderita_TestC2Ev:
function _ZN45Sugerir121_horizontalPosibleConBanderita_TestC2Ev called 1 returned 100% blocks executed 100%
        1:   35:TEST(Sugerir121, horizontalPosibleConBanderita) {
        1:   35-block  0
call    0 returned 1
------------------
_ZN45Sugerir121_horizontalPosibleConBanderita_TestD0Ev:
function _ZN45Sugerir121_horizontalPosibleConBanderita_TestD0Ev called 1 returned 100% blocks executed 100%
        1:   35:TEST(Sugerir121, horizontalPosibleConBanderita) {
        1:   35-block  0
call    0 returned 1
call    1 returned 1
------------------
_ZN45Sugerir121_horizontalPosibleConBanderita_TestD2Ev:
function _ZN45Sugerir121_horizontalPosibleConBanderita_TestD2Ev called 1 returned 100% blocks executed 100%
        1:   35:TEST(Sugerir121, horizontalPosibleConBanderita) {
        1:   35-block  0
call    0 returned 1
------------------
_ZN45Sugerir121_horizontalPosibleConBanderita_Test8TestBodyEv:
function _ZN45Sugerir121_horizontalPosibleConBanderita_Test8TestBodyEv called 1 returned 100% blocks executed 46%
        1:   35:TEST(Sugerir121, horizontalPosibleConBanderita) {
        1:   36:    tablero t = vector<vector<bool>>(5, vector<bool>(5, false));
        1:   36-block  0
call    0 returned 1
call    1 returned 1
call    2 returned 1
branch  3 taken 1 (fallthrough)
branch  4 taken 0 (throw)
        1:   36-block  1
call    5 returned 1
branch  6 taken 1 (fallthrough)
branch  7 taken 0 (throw)
        1:   36-block  2
call    8 returned 1
call    9 returned 1
call   10 returned 1
    $$$$$:   36-block  3
call   11 never executed
    $$$$$:   36-block  4
    $$$$$:   36-block  5
call   12 never executed
    $$$$$:   36-block  6
    $$$$$:   36-block  7
    $$$$$:   36-block  8
call   13 never executed
    $$$$$:   36-block  9
        1:   37:    t[4][1] = cMINA;
call    0 returned 1
call    1 returned 1
branch  2 taken 1 (fallthrough)
branch  3 taken 0 (throw)
        1:   37-block  0
call    4 returned 1
    $$$$$:   37-block  1
        1:   38:    t[1][4] = cMINA;
call    0 returned 1
call    1 returned 1
branch  2 taken 1 (fallthrough)
branch  3 taken 0 (throw)
        1:   38-block  0
call    4 returned 1
    $$$$$:   38-block  1
        1:   39:    jugadas j = {{{1, 2}, 1}, {{2, 2}, 2}, {{3,2},1}};
call    0 returned 1
call    1 returned 1
branch  2 taken 1 (fallthrough)
branch  3 taken 0 (throw)
        1:   39-block  0
call    4 returned 1
    $$$$$:   39-block  1
call    5 never executed
    $$$$$:   39-block  2
    $$$$$:   39-block  3
        -:   40:
        1:   41:    banderitas b = {{2,1}};
call    0 returned 1
call    1 returned 1
branch  2 taken 1 (fallthrough)
branch  3 taken 0 (throw)
        1:   41-block  0
call    4 returned 1
    $$$$$:   41-block  1
call    5 never executed
    $$$$$:   41-block  2
    $$$$$:   41-block  3
        -:   42:
        1:   43:    pos p;
        1:   44:    bool hay = sugerirAutomatico121(t, b, j, p);
call    0 returned 1
branch  1 taken 1 (fallthrough)
branch  2 taken 0 (throw)
        1:   45:    pos posCorrecta = {2, 3};
       1*:   46:    bool correcto = (p == posCorrecta) && hay;
        1:   46-block  0
call    0 returned 1
branch  1 taken 1 (fallthrough)
branch  2 taken 0
        1:   46-block  1
branch  3 taken 1 (fallthrough)
branch  4 taken 0
        1:   46-block  2
    %%%%%:   46-block  3
       1*:   47:    ASSERT_TRUE(correcto);
        1:   47-block  0
call    0 returned 1
call    1 returned 1
branch  2 taken 0 (fallthrough)
branch  3 taken 1
    %%%%%:   47-block  1
call    4 never executed
branch  5 never executed
branch  6 never executed
    %%%%%:   47-block  2
call    7 never executed
branch  8 never executed
branch  9 never executed
    %%%%%:   47-block  3
call   10 never executed
call   11 never executed
branch 12 never executed
branch 13 never executed
    %%%%%:   47-block  4
call   14 never executed
branch 15 never executed
branch 16 never executed
    %%%%%:   47-block  5
call   17 never executed
call   18 never executed
call   19 never executed
        1:   47-block  6
        1:   47-block  7
call   20 returned 1
branch 21 taken 1 (fallthrough)
branch 22 taken 0
    $$$$$:   47-block  8
call   23 never executed
    $$$$$:   47-block  9
call   24 never executed
    $$$$$:   47-block 10
    $$$$$:   47-block 11
    $$$$$:   47-block 12
call   25 never executed
    $$$$$:   47-block 13
    $$$$$:   47-block 14
call   26 never executed
        1:   48:}
        1:   48-block  0
        1:   48-block  1
call    0 returned 1
branch  1 taken 1 (fallthrough)
branch  2 taken 0
        1:   48-block  2
        1:   48-block  3
call    3 returned 1
branch  4 taken 1 (fallthrough)
branch  5 taken 0
        1:   48-block  4
        1:   48-block  5
call    6 returned 1
branch  7 taken 1 (fallthrough)
branch  8 taken 0
    $$$$$:   48-block  6
call    9 never executed
    $$$$$:   48-block  7
call   10 never executed
    $$$$$:   48-block  8
call   11 never executed
------------------
        -:   49:
        -:   50:// .....
        -:   51:// ..bx.
        -:   52:// .121.
        -:   53:// .x1..
        -:   54:// .....
        4:   55:TEST(Sugerir121, horizontalImposible) {
        1:   56:    tablero t = vector<vector<bool>>(5, vector<bool>(5, false));
        1:   57:    t[4][1] = cMINA;
        1:   58:    t[1][4] = cMINA;
        1:   59:    jugadas j = {{{1, 2}, 1}, {{2, 2}, 2}, {{3,2},1}, {{2,3}, 1}};
        -:   60:
        1:   61:    banderitas b = {{2,1}};
        -:   62:
        1:   63:    pos p;
        1:   64:    bool hay = sugerirAutomatico121(t, b, j, p);
       1*:   65:    ASSERT_FALSE(hay);
        1:   66:}
------------------
_ZN35Sugerir121_horizontalImposible_TestC2Ev:
function _ZN35Sugerir121_horizontalImposible_TestC2Ev called 1 returned 100% blocks executed 100%
        1:   55:TEST(Sugerir121, horizontalImposible) {
        1:   55-block  0
call    0 returned 1
------------------
_ZN35Sugerir121_horizontalImposible_TestD0Ev:
function _ZN35Sugerir121_horizontalImposible_TestD0Ev called 1 returned 100% blocks executed 100%
        1:   55:TEST(Sugerir121, horizontalImposible) {
        1:   55-block  0
call    0 returned 1
call    1 returned 1
------------------
_ZN35Sugerir121_horizontalImposible_TestD2Ev:
function _ZN35Sugerir121_horizontalImposible_TestD2Ev called 1 returned 100% blocks executed 100%
        1:   55:TEST(Sugerir121, horizontalImposible) {
        1:   55-block  0
call    0 returned 1
------------------
_ZN35Sugerir121_horizontalImposible_Test8TestBodyEv:
function _ZN35Sugerir121_horizontalImposible_Test8TestBodyEv called 1 returned 100% blocks executed 44%
        1:   55:TEST(Sugerir121, horizontalImposible) {
        1:   56:    tablero t = vector<vector<bool>>(5, vector<bool>(5, false));
        1:   56-block  0
call    0 returned 1
call    1 returned 1
call    2 returned 1
branch  3 taken 1 (fallthrough)
branch  4 taken 0 (throw)
        1:   56-block  1
call    5 returned 1
branch  6 taken 1 (fallthrough)
branch  7 taken 0 (throw)
        1:   56-block  2
call    8 returned 1
call    9 returned 1
call   10 returned 1
    $$$$$:   56-block  3
call   11 never executed
    $$$$$:   56-block  4
    $$$$$:   56-block  5
call   12 never executed
    $$$$$:   56-block  6
    $$$$$:   56-block  7
    $$$$$:   56-block  8
call   13 never executed
    $$$$$:   56-block  9
        1:   57:    t[4][1] = cMINA;
call    0 returned 1
call    1 returned 1
branch  2 taken 1 (fallthrough)
branch  3 taken 0 (throw)
        1:   57-block  0
call    4 returned 1
    $$$$$:   57-block  1
        1:   58:    t[1][4] = cMINA;
call    0 returned 1
call    1 returned 1
branch  2 taken 1 (fallthrough)
branch  3 taken 0 (throw)
        1:   58-block  0
call    4 returned 1
    $$$$$:   58-block  1
        1:   59:    jugadas j = {{{1, 2}, 1}, {{2, 2}, 2}, {{3,2},1}, {{2,3}, 1}};
call    0 returned 1
call    1 returned 1
branch  2 taken 1 (fallthrough)
branch  3 taken 0 (throw)
        1:   59-block  0
call    4 returned 1
    $$$$$:   59-block  1
call    5 never executed
    $$$$$:   59-block  2
    $$$$$:   59-block  3
        -:   60:
        1:   61:    banderitas b = {{2,1}};
call    0 returned 1
call    1 returned 1
branch  2 taken 1 (fallthrough)
branch  3 taken 0 (throw)
        1:   61-block  0
call    4 returned 1
    $$$$$:   61-block  1
call    5 never executed
    $$$$$:   61-block  2
    $$$$$:   61-block  3
        -:   62:
        1:   63:    pos p;
        1:   64:    bool hay = sugerirAutomatico121(t, b, j, p);
call    0 returned 1
branch  1 taken 1 (fallthrough)
branch  2 taken 0 (throw)
       1*:   65:    ASSERT_FALSE(hay);
        1:   65-block  0
call    0 returned 1
call    1 returned 1
branch  2 taken 0 (fallthrough)
branch  3 taken 1
    %%%%%:   65-block  1
call    4 never executed
branch  5 never executed
branch  6 never executed
    %%%%%:   65-block  2
call    7 never executed
branch  8 never executed
branch  9 never executed
    %%%%%:   65-block  3
call   10 never executed
call   11 never executed
branch 12 never executed
branch 13 never executed
    %%%%%:   65-block  4
call   14 never executed
branch 15 never executed
branch 16 never executed
    %%%%%:   65-block  5
call   17 never executed
call   18 never executed
call   19 never executed
        1:   65-block  6
        1:   65-block  7
call   20 returned 1
branch 21 taken 1 (fallthrough)
branch 22 taken 0
    $$$$$:   65-block  8
call   23 never executed
    $$$$$:   65-block  9
call   24 never executed
    $$$$$:   65-block 10
    $$$$$:   65-block 11
    $$$$$:   65-block 12
call   25 never executed
    $$$$$:   65-block 13
    $$$$$:   65-block 14
call   26 never executed
        1:   66:}
        1:   66-block  0
        1:   66-block  1
call    0 returned 1
branch  1 taken 1 (fallthrough)
branch  2 taken 0
        1:   66-block  2
        1:   66-block  3
call    3 returned 1
branch  4 taken 1 (fallthrough)
branch  5 taken 0
        1:   66-block  4
        1:   66-block  5
call    6 returned 1
branch  7 taken 1 (fallthrough)
branch  8 taken 0
    $$$$$:   66-block  6
call    9 never executed
    $$$$$:   66-block  7
call   10 never executed
    $$$$$:   66-block  8
call   11 never executed
------------------
        -:   67:
        -:   68:// .....
        -:   69:// .....
        -:   70:// .....
        -:   71:// .....
        -:   72:// .....
        4:   73:TEST(Sugerir121, sin121) {
        1:   74:    tablero t = vector<vector<bool>>(5, vector<bool>(5, false));
        1:   75:    jugadas j = {};
        -:   76:
        1:   77:    banderitas b = {};
        -:   78:
        1:   79:    pos p;
        1:   80:    bool hay = sugerirAutomatico121(t, b, j, p);
       1*:   81:    ASSERT_FALSE(hay);
        1:   82:}
------------------
_ZN22Sugerir121_sin121_TestC2Ev:
function _ZN22Sugerir121_sin121_TestC2Ev called 1 returned 100% blocks executed 100%
        1:   73:TEST(Sugerir121, sin121) {
        1:   73-block  0
call    0 returned 1
------------------
_ZN22Sugerir121_sin121_TestD0Ev:
function _ZN22Sugerir121_sin121_TestD0Ev called 1 returned 100% blocks executed 100%
        1:   73:TEST(Sugerir121, sin121) {
        1:   73-block  0
call    0 returned 1
call    1 returned 1
------------------
_ZN22Sugerir121_sin121_TestD2Ev:
function _ZN22Sugerir121_sin121_TestD2Ev called 1 returned 100% blocks executed 100%
        1:   73:TEST(Sugerir121, sin121) {
        1:   73-block  0
call    0 returned 1
------------------
_ZN22Sugerir121_sin121_Test8TestBodyEv:
function _ZN22Sugerir121_sin121_Test8TestBodyEv called 1 returned 100% blocks executed 42%
        1:   73:TEST(Sugerir121, sin121) {
        1:   74:    tablero t = vector<vector<bool>>(5, vector<bool>(5, false));
        1:   74-block  0
call    0 returned 1
call    1 returned 1
call    2 returned 1
branch  3 taken 1 (fallthrough)
branch  4 taken 0 (throw)
        1:   74-block  1
call    5 returned 1
branch  6 taken 1 (fallthrough)
branch  7 taken 0 (throw)
        1:   74-block  2
call    8 returned 1
call    9 returned 1
call   10 returned 1
    $$$$$:   74-block  3
call   11 never executed
    $$$$$:   74-block  4
    $$$$$:   74-block  5
call   12 never executed
    $$$$$:   74-block  6
    $$$$$:   74-block  7
    $$$$$:   74-block  8
call   13 never executed
    $$$$$:   74-block  9
        1:   75:    jugadas j = {};
call    0 returned 1
        -:   76:
        1:   77:    banderitas b = {};
call    0 returned 1
        -:   78:
        1:   79:    pos p;
        1:   80:    bool hay = sugerirAutomatico121(t, b, j, p);
call    0 returned 1
branch  1 taken 1 (fallthrough)
branch  2 taken 0 (throw)
       1*:   81:    ASSERT_FALSE(hay);
        1:   81-block  0
call    0 returned 1
call    1 returned 1
branch  2 taken 0 (fallthrough)
branch  3 taken 1
    %%%%%:   81-block  1
call    4 never executed
branch  5 never executed
branch  6 never executed
    %%%%%:   81-block  2
call    7 never executed
branch  8 never executed
branch  9 never executed
    %%%%%:   81-block  3
call   10 never executed
call   11 never executed
branch 12 never executed
branch 13 never executed
    %%%%%:   81-block  4
call   14 never executed
branch 15 never executed
branch 16 never executed
    %%%%%:   81-block  5
call   17 never executed
call   18 never executed
call   19 never executed
        1:   81-block  6
        1:   81-block  7
call   20 returned 1
branch 21 taken 1 (fallthrough)
branch 22 taken 0
    $$$$$:   81-block  8
call   23 never executed
    $$$$$:   81-block  9
call   24 never executed
    $$$$$:   81-block 10
    $$$$$:   81-block 11
    $$$$$:   81-block 12
call   25 never executed
    $$$$$:   81-block 13
    $$$$$:   81-block 14
call   26 never executed
        1:   82:}
        1:   82-block  0
        1:   82-block  1
call    0 returned 1
branch  1 taken 1 (fallthrough)
branch  2 taken 0
        1:   82-block  2
        1:   82-block  3
call    3 returned 1
branch  4 taken 1 (fallthrough)
branch  5 taken 0
        1:   82-block  4
        1:   82-block  5
call    6 returned 1
branch  7 taken 1 (fallthrough)
branch  8 taken 0
    $$$$$:   82-block  6
call    9 never executed
    $$$$$:   82-block  7
call   10 never executed
    $$$$$:   82-block  8
call   11 never executed
------------------
